[2020-05-18 16:53:08,693] [INFO ] [App] [1] App logger start
[2020-05-18 16:53:08,703] [INFO ] [App] [1] [ApplicationStart] 
[2020-05-18 16:53:10,291] [INFO ] [App] [1] [Database] 数据库异常：SELECT TOP (1) 
    [c].[CreatedOn] AS [CreatedOn]
    FROM [dbo].[__MigrationHistory] AS [c]
耗时：16.8736 ms 
列名 'CreatedOn' 无效。 
[2020-05-18 16:53:12,040] [INFO ] [App] [1] [InitOk] 
[2020-05-18 16:55:59,462] [INFO ] [App] [12] [LoginOk] 禾呈建和???...????
[2020-05-18 16:56:47,075] [WARN ] [App] [6] [Monitor] 2020-05-18 16:56:47:074 请求 http://localhost:5626/Pages/Articles/Articles.aspx?type=Knowledge&ns=68FF513B30&ts=1589792159&sn=0FE623CCC8, IP地址 ::1, 耗时 42.2260 秒
[2020-05-18 16:57:59,727] [INFO ] [App] [1] App logger start
[2020-05-18 16:57:59,736] [INFO ] [App] [1] [ApplicationStart] 
[2020-05-18 16:58:00,606] [INFO ] [App] [1] [Database] 数据库异常：SELECT TOP (1) 
    [c].[CreatedOn] AS [CreatedOn]
    FROM [dbo].[__MigrationHistory] AS [c]
耗时：1.9964 ms 
列名 'CreatedOn' 无效。 
[2020-05-18 16:58:01,350] [INFO ] [App] [1] [InitOk] 
[2020-05-18 16:58:48,231] [WARN ] [App] [6] [Monitor] 2020-05-18 16:58:48:231 请求 http://localhost:5626/Pages/Articles/Articles.aspx?type=Knowledge&ns=894669CF42&ts=1589792282&sn=1F66728BE2, IP地址 ::1, 耗时 26.5120 秒
[2020-05-18 17:04:47,935] [INFO ] [App] [1] App logger start
[2020-05-18 17:04:47,943] [INFO ] [App] [1] [ApplicationStart] 
[2020-05-18 17:04:48,702] [INFO ] [App] [1] [Database] 数据库异常：SELECT TOP (1) 
    [c].[CreatedOn] AS [CreatedOn]
    FROM [dbo].[__MigrationHistory] AS [c]
耗时：2.0196 ms 
列名 'CreatedOn' 无效。 
[2020-05-18 17:04:49,493] [INFO ] [App] [1] [InitOk] 
[2020-05-18 17:05:10,388] [WARN ] [App] [6] [Monitor] 2020-05-18 17:05:10:388 请求 http://localhost:5626/Pages/Articles/Articles.aspx?type=Knowledge&ns=F63339E528&ts=1589792691&sn=2F2F573E5B, IP地址 ::1, 耗时 14.5640 秒
[2020-05-18 17:09:35,430] [INFO ] [App] [1] App logger start
[2020-05-18 17:09:35,438] [INFO ] [App] [1] [ApplicationStart] 
[2020-05-18 17:09:36,223] [INFO ] [App] [1] [Database] 数据库异常：SELECT TOP (1) 
    [c].[CreatedOn] AS [CreatedOn]
    FROM [dbo].[__MigrationHistory] AS [c]
耗时：2.0394 ms 
列名 'CreatedOn' 无效。 
[2020-05-18 17:09:36,971] [INFO ] [App] [1] [InitOk] 
[2020-05-18 17:10:08,107] [WARN ] [App] [6] [Monitor] 2020-05-18 17:10:08:106 请求 http://localhost:5626/Pages/Articles/Articles.aspx?type=Knowledge&ns=197308A556&ts=1589792978&sn=6CCFEFD7A3, IP地址 ::1, 耗时 8.4790 秒
[2020-05-18 17:10:11,514] [ERROR] [App] [6] [ApplicationError] <h1>System.Web.HttpParseException</h1><BR/>时间：20/5/18 下午5:10:11&nbsp;<BR/>URL：http://localhost:5626/Pages/Articles/ArticlePush.aspx?id=1351905640615776256&nbsp;<BR/>来源：http://localhost:5626/Pages/Index&nbsp;<BR/>错误：未能加载类型“App.Admins.ArticlePush”。<BR/>类名：System.Web.UI.TemplateParser<BR/>方法：ParseString<BR/>堆栈：<pre>   在 System.Web.UI.TemplateParser.ParseString(String text, VirtualPath virtualPath, Encoding fileEncoding)
   在 System.Web.UI.TemplateParser.ParseFile(String physicalPath, VirtualPath virtualPath)
   在 System.Web.UI.TemplateParser.ParseInternal()
   在 System.Web.UI.TemplateParser.Parse()
   在 System.Web.Compilation.BaseTemplateBuildProvider.get_CodeCompilerType()
   在 System.Web.Compilation.BuildProvider.GetCompilerTypeFromBuildProvider(BuildProvider buildProvider)
   在 System.Web.Compilation.BuildProvidersCompiler.ProcessBuildProviders()
   在 System.Web.Compilation.BuildProvidersCompiler.PerformBuild()
   在 System.Web.Compilation.BuildManager.CompileWebFile(VirtualPath virtualPath)
   在 System.Web.Compilation.BuildManager.GetVPathBuildResultInternal(VirtualPath virtualPath, Boolean noBuild, Boolean allowCrossApp, Boolean allowBuildInPrecompile, Boolean throwIfNotFound, Boolean ensureIsUpToDate)
   在 System.Web.Compilation.BuildManager.GetVPathBuildResultWithNoAssert(HttpContext context, VirtualPath virtualPath, Boolean noBuild, Boolean allowCrossApp, Boolean allowBuildInPrecompile, Boolean throwIfNotFound, Boolean ensureIsUpToDate)
   在 System.Web.Compilation.BuildManager.GetVirtualPathObjectFactory(VirtualPath virtualPath, HttpContext context, Boolean allowCrossApp, Boolean throwIfNotFound)
   在 System.Web.Compilation.BuildManager.CreateInstanceFromVirtualPath(VirtualPath virtualPath, Type requiredBaseType, HttpContext context, Boolean allowCrossApp)
   在 System.Web.UI.PageHandlerFactory.GetHandlerHelper(HttpContext context, String requestType, VirtualPath virtualPath, String physicalPath)
   在 System.Web.UI.PageHandlerFactory.GetHandler(HttpContext context, String requestType, String virtualPath, String path)
   在 System.Web.HttpApplication.MaterializeHandlerExecutionStep.System.Web.HttpApplication.IExecutionStep.Execute()
   在 System.Web.HttpApplication.ExecuteStepImpl(IExecutionStep step)
   在 System.Web.HttpApplication.ExecuteStep(IExecutionStep step, Boolean& completedSynchronously)</pre><h1>System.Web.HttpParseException</h1><BR/>时间：20/5/18 下午5:10:11&nbsp;<BR/>URL：http://localhost:5626/Pages/Articles/ArticlePush.aspx?id=1351905640615776256&nbsp;<BR/>来源：http://localhost:5626/Pages/Index&nbsp;<BR/>错误：未能加载类型“App.Admins.ArticlePush”。<BR/>类名：System.Web.UI.TemplateParser<BR/>方法：ProcessException<BR/>堆栈：<pre>   在 System.Web.UI.TemplateParser.ProcessException(Exception ex)
   在 System.Web.UI.TemplateParser.ParseStringInternal(String text, Encoding fileEncoding)
   在 System.Web.UI.TemplateParser.ParseString(String text, VirtualPath virtualPath, Encoding fileEncoding)</pre><h1>System.Web.HttpException</h1><BR/>时间：20/5/18 下午5:10:11&nbsp;<BR/>URL：http://localhost:5626/Pages/Articles/ArticlePush.aspx?id=1351905640615776256&nbsp;<BR/>来源：http://localhost:5626/Pages/Index&nbsp;<BR/>错误：未能加载类型“App.Admins.ArticlePush”。<BR/>类名：System.Web.UI.TemplateParser<BR/>方法：GetType<BR/>堆栈：<pre>   在 System.Web.UI.TemplateParser.GetType(String typeName, Boolean ignoreCase, Boolean throwOnError)
   在 System.Web.UI.TemplateParser.ProcessInheritsAttribute(String baseTypeName, String codeFileBaseTypeName, String src, Assembly assembly)
   在 System.Web.UI.TemplateParser.PostProcessMainDirectiveAttributes(IDictionary parseData)</pre><h1>请求信息</h1><table class='table table-sm table-hover'><thead><tr><td width=300>名称</td><td>内容</td></tr></thead><tr><td>QueryString[id]</td><td>1351905640615776256&nbsp;</td></tr><tr><td>Cookie[Theme]</td><td>Start&nbsp;</td></tr><tr><td>Cookie[APPAUTH]</td><td>D3C2F59EDB99F42298FE366DDD98C3C5C362EACBA75098DEDEFDCD8EB0470EC939484E62AFF94EFB6717BB9F66107A23723C62AD4E46F99508411DE3790F674F5676C1A124A30C1D3750F4BDA10176F07D1B3AD725FDD4415FF0F7D02DA94A01&nbsp;</td></tr><tr><td>Cookie[ASP.NET_SessionId]</td><td>fpwpft02aqn3fymmumzuyqnz&nbsp;</td></tr><tr><td>Header[Connection]</td><td>keep-alive&nbsp;</td></tr><tr><td>Header[Accept]</td><td>text/html,application/xhtml+xml,application/xml;q=0.9,image/webp,image/apng,*/*;q=0.8,application/signed-exchange;v=b3;q=0.9&nbsp;</td></tr><tr><td>Header[Accept-Encoding]</td><td>gzip, deflate, br&nbsp;</td></tr><tr><td>Header[Accept-Language]</td><td>zh-CN,zh;q=0.9,en-US;q=0.8,en;q=0.7&nbsp;</td></tr><tr><td>Header[Cookie]</td><td>Theme=Start; APPAUTH=D3C2F59EDB99F42298FE366DDD98C3C5C362EACBA75098DEDEFDCD8EB0470EC939484E62AFF94EFB6717BB9F66107A23723C62AD4E46F99508411DE3790F674F5676C1A124A30C1D3750F4BDA10176F07D1B3AD725FDD4415FF0F7D02DA94A01; ASP.NET_SessionId=fpwpft02aqn3fymmumzuyqnz&nbsp;</td></tr><tr><td>Header[Host]</td><td>localhost:5626&nbsp;</td></tr><tr><td>Header[Referer]</td><td>http://localhost:5626/Pages/Index&nbsp;</td></tr><tr><td>Header[User-Agent]</td><td>Mozilla/5.0 (Windows NT 10.0; Win64; x64) AppleWebKit/537.36 (KHTML, like Gecko) Chrome/83.0.4103.56 Safari/537.36 Edg/83.0.478.33&nbsp;</td></tr><tr><td>Header[Upgrade-Insecure-Requests]</td><td>1&nbsp;</td></tr><tr><td>Header[Sec-Fetch-Site]</td><td>same-origin&nbsp;</td></tr><tr><td>Header[Sec-Fetch-Mode]</td><td>navigate&nbsp;</td></tr><tr><td>Header[Sec-Fetch-Dest]</td><td>iframe&nbsp;</td></tr></table><h1>请求详细参数</h1><table class='table table-sm table-hover'><thead><tr><td width=300>名称</td><td>内容</td></tr></thead><tr><td>Param[id]</td><td>1351905640615776256&nbsp;</td></tr><tr><td>Param[Theme]</td><td>Start&nbsp;</td></tr><tr><td>Param[APPAUTH]</td><td>D3C2F59EDB99F42298FE366DDD98C3C5C362EACBA75098DEDEFDCD8EB0470EC939484E62AFF94EFB6717BB9F66107A23723C62AD4E46F99508411DE3790F674F5676C1A124A30C1D3750F4BDA10176F07D1B3AD725FDD4415FF0F7D02DA94A01&nbsp;</td></tr><tr><td>Param[ASP.NET_SessionId]</td><td>fpwpft02aqn3fymmumzuyqnz&nbsp;</td></tr><tr><td>Param[ALL_HTTP]</td><td>HTTP_CONNECTION:keep-alive
HTTP_ACCEPT:text/html,application/xhtml+xml,application/xml;q=0.9,image/webp,image/apng,*/*;q=0.8,application/signed-exchange;v=b3;q=0.9
HTTP_ACCEPT_ENCODING:gzip, deflate, br
HTTP_ACCEPT_LANGUAGE:zh-CN,zh;q=0.9,en-US;q=0.8,en;q=0.7
HTTP_COOKIE:Theme=Start; APPAUTH=D3C2F59EDB99F42298FE366DDD98C3C5C362EACBA75098DEDEFDCD8EB0470EC939484E62AFF94EFB6717BB9F66107A23723C62AD4E46F99508411DE3790F674F5676C1A124A30C1D3750F4BDA10176F07D1B3AD725FDD4415FF0F7D02DA94A01; ASP.NET_SessionId=fpwpft02aqn3fymmumzuyqnz
HTTP_HOST:localhost:5626
HTTP_REFERER:http://localhost:5626/Pages/Index
HTTP_USER_AGENT:Mozilla/5.0 (Windows NT 10.0; Win64; x64) AppleWebKit/537.36 (KHTML, like Gecko) Chrome/83.0.4103.56 Safari/537.36 Edg/83.0.478.33
HTTP_UPGRADE_INSECURE_REQUESTS:1
HTTP_SEC_FETCH_SITE:same-origin
HTTP_SEC_FETCH_MODE:navigate
HTTP_SEC_FETCH_DEST:iframe
&nbsp;</td></tr><tr><td>Param[ALL_RAW]</td><td>Connection: keep-alive
Accept: text/html,application/xhtml+xml,application/xml;q=0.9,image/webp,image/apng,*/*;q=0.8,application/signed-exchange;v=b3;q=0.9
Accept-Encoding: gzip, deflate, br
Accept-Language: zh-CN,zh;q=0.9,en-US;q=0.8,en;q=0.7
Cookie: Theme=Start; APPAUTH=D3C2F59EDB99F42298FE366DDD98C3C5C362EACBA75098DEDEFDCD8EB0470EC939484E62AFF94EFB6717BB9F66107A23723C62AD4E46F99508411DE3790F674F5676C1A124A30C1D3750F4BDA10176F07D1B3AD725FDD4415FF0F7D02DA94A01; ASP.NET_SessionId=fpwpft02aqn3fymmumzuyqnz
Host: localhost:5626
Referer: http://localhost:5626/Pages/Index
User-Agent: Mozilla/5.0 (Windows NT 10.0; Win64; x64) AppleWebKit/537.36 (KHTML, like Gecko) Chrome/83.0.4103.56 Safari/537.36 Edg/83.0.478.33
Upgrade-Insecure-Requests: 1
Sec-Fetch-Site: same-origin
Sec-Fetch-Mode: navigate
Sec-Fetch-Dest: iframe
&nbsp;</td></tr><tr><td>Param[APPL_MD_PATH]</td><td>/LM/W3SVC/2/ROOT&nbsp;</td></tr><tr><td>Param[APPL_PHYSICAL_PATH]</td><td>X:\DevWZCC\2020\190712.电信知识库\00.Code\KnowledgeBase\App\&nbsp;</td></tr><tr><td>Param[AUTH_TYPE]</td><td>Forms&nbsp;</td></tr><tr><td>Param[AUTH_USER]</td><td>admin&nbsp;</td></tr><tr><td>Param[REMOTE_USER]</td><td>admin&nbsp;</td></tr><tr><td>Param[CONTENT_LENGTH]</td><td>0&nbsp;</td></tr><tr><td>Param[GATEWAY_INTERFACE]</td><td>CGI/1.1&nbsp;</td></tr><tr><td>Param[HTTPS]</td><td>off&nbsp;</td></tr><tr><td>Param[INSTANCE_ID]</td><td>2&nbsp;</td></tr><tr><td>Param[INSTANCE_META_PATH]</td><td>/LM/W3SVC/2&nbsp;</td></tr><tr><td>Param[LOCAL_ADDR]</td><td>::1&nbsp;</td></tr><tr><td>Param[PATH_INFO]</td><td>/Pages/Articles/ArticlePush.aspx&nbsp;</td></tr><tr><td>Param[PATH_TRANSLATED]</td><td>X:\DevWZCC\2020\190712.电信知识库\00.Code\KnowledgeBase\App\Pages\Articles\ArticlePush.aspx&nbsp;</td></tr><tr><td>Param[QUERY_STRING]</td><td>id=1351905640615776256&nbsp;</td></tr><tr><td>Param[REMOTE_ADDR]</td><td>::1&nbsp;</td></tr><tr><td>Param[REMOTE_HOST]</td><td>::1&nbsp;</td></tr><tr><td>Param[REMOTE_PORT]</td><td>19533&nbsp;</td></tr><tr><td>Param[REQUEST_METHOD]</td><td>GET&nbsp;</td></tr><tr><td>Param[SCRIPT_NAME]</td><td>/Pages/Articles/ArticlePush.aspx&nbsp;</td></tr><tr><td>Param[SERVER_NAME]</td><td>localhost&nbsp;</td></tr><tr><td>Param[SERVER_PORT]</td><td>5626&nbsp;</td></tr><tr><td>Param[SERVER_PORT_SECURE]</td><td>0&nbsp;</td></tr><tr><td>Param[SERVER_PROTOCOL]</td><td>HTTP/1.1&nbsp;</td></tr><tr><td>Param[SERVER_SOFTWARE]</td><td>Microsoft-IIS/10.0&nbsp;</td></tr><tr><td>Param[URL]</td><td>/Pages/Articles/ArticlePush.aspx&nbsp;</td></tr><tr><td>Param[HTTP_CONNECTION]</td><td>keep-alive&nbsp;</td></tr><tr><td>Param[HTTP_ACCEPT]</td><td>text/html,application/xhtml+xml,application/xml;q=0.9,image/webp,image/apng,*/*;q=0.8,application/signed-exchange;v=b3;q=0.9&nbsp;</td></tr><tr><td>Param[HTTP_ACCEPT_ENCODING]</td><td>gzip, deflate, br&nbsp;</td></tr><tr><td>Param[HTTP_ACCEPT_LANGUAGE]</td><td>zh-CN,zh;q=0.9,en-US;q=0.8,en;q=0.7&nbsp;</td></tr><tr><td>Param[HTTP_COOKIE]</td><td>Theme=Start; APPAUTH=D3C2F59EDB99F42298FE366DDD98C3C5C362EACBA75098DEDEFDCD8EB0470EC939484E62AFF94EFB6717BB9F66107A23723C62AD4E46F99508411DE3790F674F5676C1A124A30C1D3750F4BDA10176F07D1B3AD725FDD4415FF0F7D02DA94A01; ASP.NET_SessionId=fpwpft02aqn3fymmumzuyqnz&nbsp;</td></tr><tr><td>Param[HTTP_HOST]</td><td>localhost:5626&nbsp;</td></tr><tr><td>Param[HTTP_REFERER]</td><td>http://localhost:5626/Pages/Index&nbsp;</td></tr><tr><td>Param[HTTP_USER_AGENT]</td><td>Mozilla/5.0 (Windows NT 10.0; Win64; x64) AppleWebKit/537.36 (KHTML, like Gecko) Chrome/83.0.4103.56 Safari/537.36 Edg/83.0.478.33&nbsp;</td></tr><tr><td>Param[HTTP_UPGRADE_INSECURE_REQUESTS]</td><td>1&nbsp;</td></tr><tr><td>Param[HTTP_SEC_FETCH_SITE]</td><td>same-origin&nbsp;</td></tr><tr><td>Param[HTTP_SEC_FETCH_MODE]</td><td>navigate&nbsp;</td></tr><tr><td>Param[HTTP_SEC_FETCH_DEST]</td><td>iframe&nbsp;</td></tr></table><h1>客户端信息</h1><table class='table table-sm table-hover'><thead><tr><td width=300>名称</td><td>内容</td></tr></thead><tr><td>客户器IP</td><td>::1&nbsp;</td></tr><tr><td>客户机OS</td><td>WinNT&nbsp;</td></tr><tr><td>浏览器类型</td><td>Chrome83&nbsp;</td></tr><tr><td>支持Cookie</td><td>True&nbsp;</td></tr><tr><td>支持Frames</td><td>True&nbsp;</td></tr><tr><td>支持Javascript</td><td>3.0&nbsp;</td></tr><tr><td>支持VBScript</td><td>False&nbsp;</td></tr></table>
