[2020-08-26 16:41:43,195] [INFO ] [App] [1] App logger start
[2020-08-26 16:41:43,203] [INFO ] [App] [1] [ApplicationStart] 
[2020-08-26 16:41:47,662] [INFO ] [App] [1] [InitOk] 
[2020-08-26 16:42:09,980] [INFO ] [App] [6] [LoginOk] 禾呈建和???...????
[2020-08-26 16:43:08,228] [ERROR] [App] [6] [ApplicationError] <h1>System.Web.HttpUnhandledException</h1><BR/>时间：20/8/26 下午4:43:08&nbsp;<BR/>URL：http://localhost:5626/Pages/Devs/Datas.aspx?tp=App.DAL.ArticleVisit&pv=ArticleEdit&pn=ArticleEdit&pe=ArticleEdit&pd=ArticleEdit&ns=EDD35F1CF5&ts=1598431330&sn=7193AE0319&nbsp;<BR/>来源：http://localhost:5626/pages/Index.aspx&nbsp;<BR/>错误：引发类型为“System.Web.HttpUnhandledException”的异常。<BR/>类名：System.Web.UI.Page<BR/>方法：HandleError<BR/>堆栈：<pre>   在 System.Web.UI.Page.HandleError(Exception e)
   在 System.Web.UI.Page.ProcessRequestMain(Boolean includeStagesBeforeAsyncPoint, Boolean includeStagesAfterAsyncPoint)
   在 System.Web.UI.Page.ProcessRequest(Boolean includeStagesBeforeAsyncPoint, Boolean includeStagesAfterAsyncPoint)
   在 System.Web.UI.Page.ProcessRequest()
   在 System.Web.UI.Page.ProcessRequestWithNoAssert(HttpContext context)
   在 System.Web.UI.Page.ProcessRequest(HttpContext context)
   在 ASP.pages_devs_datas_aspx.ProcessRequest(HttpContext context) 位置 c:\Users\CJH\AppData\Local\Temp\Temporary ASP.NET Files\vs\85e2c122\e6af9a12\App_Web_vku43mdx.4.cs:行号 0
   在 System.Web.HttpApplication.CallHandlerExecutionStep.System.Web.HttpApplication.IExecutionStep.Execute()
   在 System.Web.HttpApplication.ExecuteStepImpl(IExecutionStep step)
   在 System.Web.HttpApplication.ExecuteStep(IExecutionStep step, Boolean& completedSynchronously)</pre><h1>System.NullReferenceException</h1><BR/>时间：20/8/26 下午4:43:08&nbsp;<BR/>URL：http://localhost:5626/Pages/Devs/Datas.aspx?tp=App.DAL.ArticleVisit&pv=ArticleEdit&pn=ArticleEdit&pe=ArticleEdit&pd=ArticleEdit&ns=EDD35F1CF5&ts=1598431330&sn=7193AE0319&nbsp;<BR/>来源：http://localhost:5626/pages/Index.aspx&nbsp;<BR/>错误：未将对象引用设置到对象的实例。<BR/>类名：App.Components.Urls<BR/>方法：GetDatasUrl<BR/>堆栈：<pre>   在 App.Components.Urls.GetDatasUrl(Type type, String query, Nullable`1 mode, AuthAttribute auth) 位置 \\Mac\Downloads\Dev\AppPlat\AppPlat4\AppPlat4-github\App.Web\Components\Urls.cs:行号 195
   在 App.Controls.FormRender.CreateWinGrid(UIAttribute attr, EntityBase data, EditorType type) 位置 \\Mac\Downloads\Dev\AppPlat\AppPlat4\AppPlat4-github\App.Web\Controls\Renders\FormRender.cs:行号 325
   在 App.Controls.FormRender.CreateEditor(UISetting ui, UIAttribute attr, EditorType edt, FormBase form, EntityBase data) 位置 \\Mac\Downloads\Dev\AppPlat\AppPlat4\AppPlat4-github\App.Web\Controls\Renders\FormRender.cs:行号 153
   在 App.Controls.SearchRender.BuildSearcher(ControlBaseCollection container, UISetting ui, Boolean readOnly) 位置 \\Mac\Downloads\Dev\AppPlat\AppPlat4\AppPlat4-github\App.Web\Controls\Renders\SearchRender.cs:行号 118
   在 App.Controls.SearchRender.Render(ControlBaseCollection container, Dictionary`2 dict) 位置 \\Mac\Downloads\Dev\AppPlat\AppPlat4\AppPlat4-github\App.Web\Controls\Renders\SearchRender.cs:行号 41
   在 App.Controls.GridPro.AddSearcher() 位置 \\Mac\Downloads\Dev\AppPlat\AppPlat4\AppPlat4-github\App.Web\Controls\Renders\GridPro.Auto.cs:行号 153
   在 App.Controls.GridPro.Build(PanelBase toolbarPanel, Boolean newToolbar) 位置 \\Mac\Downloads\Dev\AppPlat\AppPlat4\AppPlat4-github\App.Web\Controls\Renders\GridPro.Auto.cs:行号 80
   在 App.Pages.Datas.Page_Load(Object sender, EventArgs e) 位置 \\Mac\Downloads\Dev\AppPlat\AppPlat4\AppPlat4-github\App\Pages\Devs\Datas.aspx.cs:行号 48
   在 System.Web.Util.CalliEventHandlerDelegateProxy.Callback(Object sender, EventArgs e)
   在 System.Web.UI.Control.OnLoad(EventArgs e)
   在 System.Web.UI.Control.LoadRecursive()
   在 System.Web.UI.Page.ProcessRequestMain(Boolean includeStagesBeforeAsyncPoint, Boolean includeStagesAfterAsyncPoint)</pre><h1>请求信息</h1><table class='table table-sm table-hover'><thead><tr><td width=300>名称</td><td>内容</td></tr></thead><tr><td>QueryString[tp]</td><td>App.DAL.ArticleVisit&nbsp;</td></tr><tr><td>QueryString[pv]</td><td>ArticleEdit&nbsp;</td></tr><tr><td>QueryString[pn]</td><td>ArticleEdit&nbsp;</td></tr><tr><td>QueryString[pe]</td><td>ArticleEdit&nbsp;</td></tr><tr><td>QueryString[pd]</td><td>ArticleEdit&nbsp;</td></tr><tr><td>QueryString[ns]</td><td>EDD35F1CF5&nbsp;</td></tr><tr><td>QueryString[ts]</td><td>1598431330&nbsp;</td></tr><tr><td>QueryString[sn]</td><td>7193AE0319&nbsp;</td></tr><tr><td>Cookie[Theme]</td><td>image_blue_star&nbsp;</td></tr><tr><td>Cookie[ASP.NET_SessionId]</td><td>lztrksoqvo1uztikshy3sdwg&nbsp;</td></tr><tr><td>Cookie[APPAUTH]</td><td>F3E49312AFCA293828367024977161128F8A71CD08EE1CB324827826D3C8658809D836EBF5DF3784D6DAB79D045118DD427D0CE52B026C775583580C7C9E49D5B3052A6C131A42B450BA946A64BBD149F73DD83458D5A61C833524815B1B1AF3&nbsp;</td></tr><tr><td>Header[Connection]</td><td>keep-alive&nbsp;</td></tr><tr><td>Header[Accept]</td><td>text/html,application/xhtml+xml,application/xml;q=0.9,image/webp,image/apng,*/*;q=0.8,application/signed-exchange;v=b3;q=0.9&nbsp;</td></tr><tr><td>Header[Accept-Encoding]</td><td>gzip, deflate, br&nbsp;</td></tr><tr><td>Header[Accept-Language]</td><td>zh-CN,zh;q=0.9,en-US;q=0.8,en;q=0.7&nbsp;</td></tr><tr><td>Header[Cookie]</td><td>Theme=image_blue_star; ASP.NET_SessionId=lztrksoqvo1uztikshy3sdwg; APPAUTH=F3E49312AFCA293828367024977161128F8A71CD08EE1CB324827826D3C8658809D836EBF5DF3784D6DAB79D045118DD427D0CE52B026C775583580C7C9E49D5B3052A6C131A42B450BA946A64BBD149F73DD83458D5A61C833524815B1B1AF3&nbsp;</td></tr><tr><td>Header[Host]</td><td>localhost:5626&nbsp;</td></tr><tr><td>Header[Referer]</td><td>http://localhost:5626/pages/Index.aspx&nbsp;</td></tr><tr><td>Header[User-Agent]</td><td>Mozilla/5.0 (Windows NT 10.0; Win64; x64) AppleWebKit/537.36 (KHTML, like Gecko) Chrome/85.0.4183.83 Safari/537.36 Edg/85.0.564.41&nbsp;</td></tr><tr><td>Header[Upgrade-Insecure-Requests]</td><td>1&nbsp;</td></tr><tr><td>Header[Sec-Fetch-Site]</td><td>same-origin&nbsp;</td></tr><tr><td>Header[Sec-Fetch-Mode]</td><td>navigate&nbsp;</td></tr><tr><td>Header[Sec-Fetch-Dest]</td><td>iframe&nbsp;</td></tr></table><h1>请求详细参数</h1><table class='table table-sm table-hover'><thead><tr><td width=300>名称</td><td>内容</td></tr></thead><tr><td>Param[tp]</td><td>App.DAL.ArticleVisit&nbsp;</td></tr><tr><td>Param[pv]</td><td>ArticleEdit&nbsp;</td></tr><tr><td>Param[pn]</td><td>ArticleEdit&nbsp;</td></tr><tr><td>Param[pe]</td><td>ArticleEdit&nbsp;</td></tr><tr><td>Param[pd]</td><td>ArticleEdit&nbsp;</td></tr><tr><td>Param[ns]</td><td>EDD35F1CF5&nbsp;</td></tr><tr><td>Param[ts]</td><td>1598431330&nbsp;</td></tr><tr><td>Param[sn]</td><td>7193AE0319&nbsp;</td></tr><tr><td>Param[Theme]</td><td>image_blue_star&nbsp;</td></tr><tr><td>Param[ASP.NET_SessionId]</td><td>lztrksoqvo1uztikshy3sdwg&nbsp;</td></tr><tr><td>Param[APPAUTH]</td><td>F3E49312AFCA293828367024977161128F8A71CD08EE1CB324827826D3C8658809D836EBF5DF3784D6DAB79D045118DD427D0CE52B026C775583580C7C9E49D5B3052A6C131A42B450BA946A64BBD149F73DD83458D5A61C833524815B1B1AF3&nbsp;</td></tr><tr><td>Param[ALL_HTTP]</td><td>HTTP_CONNECTION:keep-alive
HTTP_ACCEPT:text/html,application/xhtml+xml,application/xml;q=0.9,image/webp,image/apng,*/*;q=0.8,application/signed-exchange;v=b3;q=0.9
HTTP_ACCEPT_ENCODING:gzip, deflate, br
HTTP_ACCEPT_LANGUAGE:zh-CN,zh;q=0.9,en-US;q=0.8,en;q=0.7
HTTP_COOKIE:Theme=image_blue_star; ASP.NET_SessionId=lztrksoqvo1uztikshy3sdwg; APPAUTH=F3E49312AFCA293828367024977161128F8A71CD08EE1CB324827826D3C8658809D836EBF5DF3784D6DAB79D045118DD427D0CE52B026C775583580C7C9E49D5B3052A6C131A42B450BA946A64BBD149F73DD83458D5A61C833524815B1B1AF3
HTTP_HOST:localhost:5626
HTTP_REFERER:http://localhost:5626/pages/Index.aspx
HTTP_USER_AGENT:Mozilla/5.0 (Windows NT 10.0; Win64; x64) AppleWebKit/537.36 (KHTML, like Gecko) Chrome/85.0.4183.83 Safari/537.36 Edg/85.0.564.41
HTTP_UPGRADE_INSECURE_REQUESTS:1
HTTP_SEC_FETCH_SITE:same-origin
HTTP_SEC_FETCH_MODE:navigate
HTTP_SEC_FETCH_DEST:iframe
&nbsp;</td></tr><tr><td>Param[ALL_RAW]</td><td>Connection: keep-alive
Accept: text/html,application/xhtml+xml,application/xml;q=0.9,image/webp,image/apng,*/*;q=0.8,application/signed-exchange;v=b3;q=0.9
Accept-Encoding: gzip, deflate, br
Accept-Language: zh-CN,zh;q=0.9,en-US;q=0.8,en;q=0.7
Cookie: Theme=image_blue_star; ASP.NET_SessionId=lztrksoqvo1uztikshy3sdwg; APPAUTH=F3E49312AFCA293828367024977161128F8A71CD08EE1CB324827826D3C8658809D836EBF5DF3784D6DAB79D045118DD427D0CE52B026C775583580C7C9E49D5B3052A6C131A42B450BA946A64BBD149F73DD83458D5A61C833524815B1B1AF3
Host: localhost:5626
Referer: http://localhost:5626/pages/Index.aspx
User-Agent: Mozilla/5.0 (Windows NT 10.0; Win64; x64) AppleWebKit/537.36 (KHTML, like Gecko) Chrome/85.0.4183.83 Safari/537.36 Edg/85.0.564.41
Upgrade-Insecure-Requests: 1
Sec-Fetch-Site: same-origin
Sec-Fetch-Mode: navigate
Sec-Fetch-Dest: iframe
&nbsp;</td></tr><tr><td>Param[APPL_MD_PATH]</td><td>/LM/W3SVC/2/ROOT&nbsp;</td></tr><tr><td>Param[APPL_PHYSICAL_PATH]</td><td>\\Mac\Downloads\Dev\AppPlat\AppPlat4\AppPlat4-github\App\&nbsp;</td></tr><tr><td>Param[AUTH_TYPE]</td><td>Forms&nbsp;</td></tr><tr><td>Param[AUTH_USER]</td><td>admin&nbsp;</td></tr><tr><td>Param[REMOTE_USER]</td><td>admin&nbsp;</td></tr><tr><td>Param[CONTENT_LENGTH]</td><td>0&nbsp;</td></tr><tr><td>Param[GATEWAY_INTERFACE]</td><td>CGI/1.1&nbsp;</td></tr><tr><td>Param[HTTPS]</td><td>off&nbsp;</td></tr><tr><td>Param[INSTANCE_ID]</td><td>2&nbsp;</td></tr><tr><td>Param[INSTANCE_META_PATH]</td><td>/LM/W3SVC/2&nbsp;</td></tr><tr><td>Param[LOCAL_ADDR]</td><td>::1&nbsp;</td></tr><tr><td>Param[PATH_INFO]</td><td>/Pages/Devs/Datas.aspx&nbsp;</td></tr><tr><td>Param[PATH_TRANSLATED]</td><td>\\Mac\Downloads\Dev\AppPlat\AppPlat4\AppPlat4-github\App\Pages\Devs\Datas.aspx&nbsp;</td></tr><tr><td>Param[QUERY_STRING]</td><td>tp=App.DAL.ArticleVisit&pv=ArticleEdit&pn=ArticleEdit&pe=ArticleEdit&pd=ArticleEdit&ns=EDD35F1CF5&ts=1598431330&sn=7193AE0319&nbsp;</td></tr><tr><td>Param[REMOTE_ADDR]</td><td>::1&nbsp;</td></tr><tr><td>Param[REMOTE_HOST]</td><td>::1&nbsp;</td></tr><tr><td>Param[REMOTE_PORT]</td><td>1093&nbsp;</td></tr><tr><td>Param[REQUEST_METHOD]</td><td>GET&nbsp;</td></tr><tr><td>Param[SCRIPT_NAME]</td><td>/Pages/Devs/Datas.aspx&nbsp;</td></tr><tr><td>Param[SERVER_NAME]</td><td>localhost&nbsp;</td></tr><tr><td>Param[SERVER_PORT]</td><td>5626&nbsp;</td></tr><tr><td>Param[SERVER_PORT_SECURE]</td><td>0&nbsp;</td></tr><tr><td>Param[SERVER_PROTOCOL]</td><td>HTTP/1.1&nbsp;</td></tr><tr><td>Param[SERVER_SOFTWARE]</td><td>Microsoft-IIS/10.0&nbsp;</td></tr><tr><td>Param[URL]</td><td>/Pages/Devs/Datas.aspx&nbsp;</td></tr><tr><td>Param[HTTP_CONNECTION]</td><td>keep-alive&nbsp;</td></tr><tr><td>Param[HTTP_ACCEPT]</td><td>text/html,application/xhtml+xml,application/xml;q=0.9,image/webp,image/apng,*/*;q=0.8,application/signed-exchange;v=b3;q=0.9&nbsp;</td></tr><tr><td>Param[HTTP_ACCEPT_ENCODING]</td><td>gzip, deflate, br&nbsp;</td></tr><tr><td>Param[HTTP_ACCEPT_LANGUAGE]</td><td>zh-CN,zh;q=0.9,en-US;q=0.8,en;q=0.7&nbsp;</td></tr><tr><td>Param[HTTP_COOKIE]</td><td>Theme=image_blue_star; ASP.NET_SessionId=lztrksoqvo1uztikshy3sdwg; APPAUTH=F3E49312AFCA293828367024977161128F8A71CD08EE1CB324827826D3C8658809D836EBF5DF3784D6DAB79D045118DD427D0CE52B026C775583580C7C9E49D5B3052A6C131A42B450BA946A64BBD149F73DD83458D5A61C833524815B1B1AF3&nbsp;</td></tr><tr><td>Param[HTTP_HOST]</td><td>localhost:5626&nbsp;</td></tr><tr><td>Param[HTTP_REFERER]</td><td>http://localhost:5626/pages/Index.aspx&nbsp;</td></tr><tr><td>Param[HTTP_USER_AGENT]</td><td>Mozilla/5.0 (Windows NT 10.0; Win64; x64) AppleWebKit/537.36 (KHTML, like Gecko) Chrome/85.0.4183.83 Safari/537.36 Edg/85.0.564.41&nbsp;</td></tr><tr><td>Param[HTTP_UPGRADE_INSECURE_REQUESTS]</td><td>1&nbsp;</td></tr><tr><td>Param[HTTP_SEC_FETCH_SITE]</td><td>same-origin&nbsp;</td></tr><tr><td>Param[HTTP_SEC_FETCH_MODE]</td><td>navigate&nbsp;</td></tr><tr><td>Param[HTTP_SEC_FETCH_DEST]</td><td>iframe&nbsp;</td></tr></table><h1>客户端信息</h1><table class='table table-sm table-hover'><thead><tr><td width=300>名称</td><td>内容</td></tr></thead><tr><td>客户器IP</td><td>::1&nbsp;</td></tr><tr><td>客户机OS</td><td>WinNT&nbsp;</td></tr><tr><td>浏览器类型</td><td>Chrome85&nbsp;</td></tr><tr><td>支持Cookie</td><td>True&nbsp;</td></tr><tr><td>支持Frames</td><td>True&nbsp;</td></tr><tr><td>支持Javascript</td><td>3.0&nbsp;</td></tr><tr><td>支持VBScript</td><td>False&nbsp;</td></tr></table>
[2020-08-26 16:44:50,304] [WARN ] [App] [6] [Monitor] 2020-08-26 16:44:50:304 请求 http://localhost:5626/Pages/Devs/Data.aspx?ns=80F5314B79&ts=1598431330&sn=2F1A26C876, IP地址 ::1, 耗时 9.5030 秒
[2020-08-26 16:45:22,843] [WARN ] [App] [11] [Monitor] 2020-08-26 16:45:22:843 请求 http://localhost:5626/Pages/Devs/Data.aspx?ns=80F5314B79&ts=1598431330&sn=2F1A26C876, IP地址 ::1, 耗时 2.0020 秒
[2020-08-26 16:46:58,564] [ERROR] [App] [11] [ApplicationError] <h1>System.Web.HttpUnhandledException</h1><BR/>时间：20/8/26 下午4:46:58&nbsp;<BR/>URL：http://localhost:5626/Pages/Devs/Datas.aspx?tp=App.DAL.ArticleVisit&pv=ArticleEdit&pn=ArticleEdit&pe=ArticleEdit&pd=ArticleEdit&ns=EDD35F1CF5&ts=1598431330&sn=7193AE0319&nbsp;<BR/>来源：http://localhost:5626/Pages/Devs/Datas.aspx?tp=App.DAL.ArticleVisit&pv=ArticleEdit&pn=ArticleEdit&pe=ArticleEdit&pd=ArticleEdit&ns=EDD35F1CF5&ts=1598431330&sn=7193AE0319&nbsp;<BR/>错误：引发类型为“System.Web.HttpUnhandledException”的异常。<BR/>类名：System.Web.UI.Page<BR/>方法：HandleError<BR/>堆栈：<pre>   在 System.Web.UI.Page.HandleError(Exception e)
   在 System.Web.UI.Page.ProcessRequestMain(Boolean includeStagesBeforeAsyncPoint, Boolean includeStagesAfterAsyncPoint)
   在 System.Web.UI.Page.ProcessRequest(Boolean includeStagesBeforeAsyncPoint, Boolean includeStagesAfterAsyncPoint)
   在 System.Web.UI.Page.ProcessRequest()
   在 System.Web.UI.Page.ProcessRequestWithNoAssert(HttpContext context)
   在 System.Web.UI.Page.ProcessRequest(HttpContext context)
   在 ASP.pages_devs_datas_aspx.ProcessRequest(HttpContext context) 位置 c:\Users\CJH\AppData\Local\Temp\Temporary ASP.NET Files\vs\85e2c122\e6af9a12\App_Web_vku43mdx.4.cs:行号 0
   在 System.Web.HttpApplication.CallHandlerExecutionStep.System.Web.HttpApplication.IExecutionStep.Execute()
   在 System.Web.HttpApplication.ExecuteStepImpl(IExecutionStep step)
   在 System.Web.HttpApplication.ExecuteStep(IExecutionStep step, Boolean& completedSynchronously)</pre><h1>System.NullReferenceException</h1><BR/>时间：20/8/26 下午4:46:58&nbsp;<BR/>URL：http://localhost:5626/Pages/Devs/Datas.aspx?tp=App.DAL.ArticleVisit&pv=ArticleEdit&pn=ArticleEdit&pe=ArticleEdit&pd=ArticleEdit&ns=EDD35F1CF5&ts=1598431330&sn=7193AE0319&nbsp;<BR/>来源：http://localhost:5626/Pages/Devs/Datas.aspx?tp=App.DAL.ArticleVisit&pv=ArticleEdit&pn=ArticleEdit&pe=ArticleEdit&pd=ArticleEdit&ns=EDD35F1CF5&ts=1598431330&sn=7193AE0319&nbsp;<BR/>错误：未将对象引用设置到对象的实例。<BR/>类名：App.Components.Urls<BR/>方法：GetDatasUrl<BR/>堆栈：<pre>   在 App.Components.Urls.GetDatasUrl(Type type, String query, Nullable`1 mode, AuthAttribute auth) 位置 \\Mac\Downloads\Dev\AppPlat\AppPlat4\AppPlat4-github\App.Web\Components\Urls.cs:行号 195
   在 App.Controls.FormRender.CreateWinGrid(UIAttribute attr, EntityBase data, EditorType type) 位置 \\Mac\Downloads\Dev\AppPlat\AppPlat4\AppPlat4-github\App.Web\Controls\Renders\FormRender.cs:行号 325
   在 App.Controls.FormRender.CreateEditor(UISetting ui, UIAttribute attr, EditorType edt, FormBase form, EntityBase data) 位置 \\Mac\Downloads\Dev\AppPlat\AppPlat4\AppPlat4-github\App.Web\Controls\Renders\FormRender.cs:行号 153
   在 App.Controls.SearchRender.BuildSearcher(ControlBaseCollection container, UISetting ui, Boolean readOnly) 位置 \\Mac\Downloads\Dev\AppPlat\AppPlat4\AppPlat4-github\App.Web\Controls\Renders\SearchRender.cs:行号 118
   在 App.Controls.SearchRender.Render(ControlBaseCollection container, Dictionary`2 dict) 位置 \\Mac\Downloads\Dev\AppPlat\AppPlat4\AppPlat4-github\App.Web\Controls\Renders\SearchRender.cs:行号 41
   在 App.Controls.GridPro.AddSearcher() 位置 \\Mac\Downloads\Dev\AppPlat\AppPlat4\AppPlat4-github\App.Web\Controls\Renders\GridPro.Auto.cs:行号 153
   在 App.Controls.GridPro.Build(PanelBase toolbarPanel, Boolean newToolbar) 位置 \\Mac\Downloads\Dev\AppPlat\AppPlat4\AppPlat4-github\App.Web\Controls\Renders\GridPro.Auto.cs:行号 80
   在 App.Pages.Datas.Page_Load(Object sender, EventArgs e) 位置 \\Mac\Downloads\Dev\AppPlat\AppPlat4\AppPlat4-github\App\Pages\Devs\Datas.aspx.cs:行号 48
   在 System.Web.Util.CalliEventHandlerDelegateProxy.Callback(Object sender, EventArgs e)
   在 System.Web.UI.Control.OnLoad(EventArgs e)
   在 System.Web.UI.Control.LoadRecursive()
   在 System.Web.UI.Page.ProcessRequestMain(Boolean includeStagesBeforeAsyncPoint, Boolean includeStagesAfterAsyncPoint)</pre><h1>请求信息</h1><table class='table table-sm table-hover'><thead><tr><td width=300>名称</td><td>内容</td></tr></thead><tr><td>QueryString[tp]</td><td>App.DAL.ArticleVisit&nbsp;</td></tr><tr><td>QueryString[pv]</td><td>ArticleEdit&nbsp;</td></tr><tr><td>QueryString[pn]</td><td>ArticleEdit&nbsp;</td></tr><tr><td>QueryString[pe]</td><td>ArticleEdit&nbsp;</td></tr><tr><td>QueryString[pd]</td><td>ArticleEdit&nbsp;</td></tr><tr><td>QueryString[ns]</td><td>EDD35F1CF5&nbsp;</td></tr><tr><td>QueryString[ts]</td><td>1598431330&nbsp;</td></tr><tr><td>QueryString[sn]</td><td>7193AE0319&nbsp;</td></tr><tr><td>Cookie[Theme]</td><td>image_blue_star&nbsp;</td></tr><tr><td>Cookie[ASP.NET_SessionId]</td><td>lztrksoqvo1uztikshy3sdwg&nbsp;</td></tr><tr><td>Cookie[APPAUTH]</td><td>F3E49312AFCA293828367024977161128F8A71CD08EE1CB324827826D3C8658809D836EBF5DF3784D6DAB79D045118DD427D0CE52B026C775583580C7C9E49D5B3052A6C131A42B450BA946A64BBD149F73DD83458D5A61C833524815B1B1AF3&nbsp;</td></tr><tr><td>Header[Cache-Control]</td><td>max-age=0&nbsp;</td></tr><tr><td>Header[Connection]</td><td>keep-alive&nbsp;</td></tr><tr><td>Header[Accept]</td><td>text/html,application/xhtml+xml,application/xml;q=0.9,image/webp,image/apng,*/*;q=0.8,application/signed-exchange;v=b3;q=0.9&nbsp;</td></tr><tr><td>Header[Accept-Encoding]</td><td>gzip, deflate, br&nbsp;</td></tr><tr><td>Header[Accept-Language]</td><td>zh-CN,zh;q=0.9,en-US;q=0.8,en;q=0.7&nbsp;</td></tr><tr><td>Header[Cookie]</td><td>Theme=image_blue_star; ASP.NET_SessionId=lztrksoqvo1uztikshy3sdwg; APPAUTH=F3E49312AFCA293828367024977161128F8A71CD08EE1CB324827826D3C8658809D836EBF5DF3784D6DAB79D045118DD427D0CE52B026C775583580C7C9E49D5B3052A6C131A42B450BA946A64BBD149F73DD83458D5A61C833524815B1B1AF3&nbsp;</td></tr><tr><td>Header[Host]</td><td>localhost:5626&nbsp;</td></tr><tr><td>Header[Referer]</td><td>http://localhost:5626/Pages/Devs/Datas.aspx?tp=App.DAL.ArticleVisit&pv=ArticleEdit&pn=ArticleEdit&pe=ArticleEdit&pd=ArticleEdit&ns=EDD35F1CF5&ts=1598431330&sn=7193AE0319&nbsp;</td></tr><tr><td>Header[User-Agent]</td><td>Mozilla/5.0 (Windows NT 10.0; Win64; x64) AppleWebKit/537.36 (KHTML, like Gecko) Chrome/85.0.4183.83 Safari/537.36 Edg/85.0.564.41&nbsp;</td></tr><tr><td>Header[Upgrade-Insecure-Requests]</td><td>1&nbsp;</td></tr><tr><td>Header[Sec-Fetch-Site]</td><td>same-origin&nbsp;</td></tr><tr><td>Header[Sec-Fetch-Mode]</td><td>navigate&nbsp;</td></tr><tr><td>Header[Sec-Fetch-User]</td><td>?1&nbsp;</td></tr><tr><td>Header[Sec-Fetch-Dest]</td><td>iframe&nbsp;</td></tr></table><h1>请求详细参数</h1><table class='table table-sm table-hover'><thead><tr><td width=300>名称</td><td>内容</td></tr></thead><tr><td>Param[tp]</td><td>App.DAL.ArticleVisit&nbsp;</td></tr><tr><td>Param[pv]</td><td>ArticleEdit&nbsp;</td></tr><tr><td>Param[pn]</td><td>ArticleEdit&nbsp;</td></tr><tr><td>Param[pe]</td><td>ArticleEdit&nbsp;</td></tr><tr><td>Param[pd]</td><td>ArticleEdit&nbsp;</td></tr><tr><td>Param[ns]</td><td>EDD35F1CF5&nbsp;</td></tr><tr><td>Param[ts]</td><td>1598431330&nbsp;</td></tr><tr><td>Param[sn]</td><td>7193AE0319&nbsp;</td></tr><tr><td>Param[Theme]</td><td>image_blue_star&nbsp;</td></tr><tr><td>Param[ASP.NET_SessionId]</td><td>lztrksoqvo1uztikshy3sdwg&nbsp;</td></tr><tr><td>Param[APPAUTH]</td><td>F3E49312AFCA293828367024977161128F8A71CD08EE1CB324827826D3C8658809D836EBF5DF3784D6DAB79D045118DD427D0CE52B026C775583580C7C9E49D5B3052A6C131A42B450BA946A64BBD149F73DD83458D5A61C833524815B1B1AF3&nbsp;</td></tr><tr><td>Param[ALL_HTTP]</td><td>HTTP_CACHE_CONTROL:max-age=0
HTTP_CONNECTION:keep-alive
HTTP_ACCEPT:text/html,application/xhtml+xml,application/xml;q=0.9,image/webp,image/apng,*/*;q=0.8,application/signed-exchange;v=b3;q=0.9
HTTP_ACCEPT_ENCODING:gzip, deflate, br
HTTP_ACCEPT_LANGUAGE:zh-CN,zh;q=0.9,en-US;q=0.8,en;q=0.7
HTTP_COOKIE:Theme=image_blue_star; ASP.NET_SessionId=lztrksoqvo1uztikshy3sdwg; APPAUTH=F3E49312AFCA293828367024977161128F8A71CD08EE1CB324827826D3C8658809D836EBF5DF3784D6DAB79D045118DD427D0CE52B026C775583580C7C9E49D5B3052A6C131A42B450BA946A64BBD149F73DD83458D5A61C833524815B1B1AF3
HTTP_HOST:localhost:5626
HTTP_REFERER:http://localhost:5626/Pages/Devs/Datas.aspx?tp=App.DAL.ArticleVisit&pv=ArticleEdit&pn=ArticleEdit&pe=ArticleEdit&pd=ArticleEdit&ns=EDD35F1CF5&ts=1598431330&sn=7193AE0319
HTTP_USER_AGENT:Mozilla/5.0 (Windows NT 10.0; Win64; x64) AppleWebKit/537.36 (KHTML, like Gecko) Chrome/85.0.4183.83 Safari/537.36 Edg/85.0.564.41
HTTP_UPGRADE_INSECURE_REQUESTS:1
HTTP_SEC_FETCH_SITE:same-origin
HTTP_SEC_FETCH_MODE:navigate
HTTP_SEC_FETCH_USER:?1
HTTP_SEC_FETCH_DEST:iframe
&nbsp;</td></tr><tr><td>Param[ALL_RAW]</td><td>Cache-Control: max-age=0
Connection: keep-alive
Accept: text/html,application/xhtml+xml,application/xml;q=0.9,image/webp,image/apng,*/*;q=0.8,application/signed-exchange;v=b3;q=0.9
Accept-Encoding: gzip, deflate, br
Accept-Language: zh-CN,zh;q=0.9,en-US;q=0.8,en;q=0.7
Cookie: Theme=image_blue_star; ASP.NET_SessionId=lztrksoqvo1uztikshy3sdwg; APPAUTH=F3E49312AFCA293828367024977161128F8A71CD08EE1CB324827826D3C8658809D836EBF5DF3784D6DAB79D045118DD427D0CE52B026C775583580C7C9E49D5B3052A6C131A42B450BA946A64BBD149F73DD83458D5A61C833524815B1B1AF3
Host: localhost:5626
Referer: http://localhost:5626/Pages/Devs/Datas.aspx?tp=App.DAL.ArticleVisit&pv=ArticleEdit&pn=ArticleEdit&pe=ArticleEdit&pd=ArticleEdit&ns=EDD35F1CF5&ts=1598431330&sn=7193AE0319
User-Agent: Mozilla/5.0 (Windows NT 10.0; Win64; x64) AppleWebKit/537.36 (KHTML, like Gecko) Chrome/85.0.4183.83 Safari/537.36 Edg/85.0.564.41
Upgrade-Insecure-Requests: 1
Sec-Fetch-Site: same-origin
Sec-Fetch-Mode: navigate
Sec-Fetch-User: ?1
Sec-Fetch-Dest: iframe
&nbsp;</td></tr><tr><td>Param[APPL_MD_PATH]</td><td>/LM/W3SVC/2/ROOT&nbsp;</td></tr><tr><td>Param[APPL_PHYSICAL_PATH]</td><td>\\Mac\Downloads\Dev\AppPlat\AppPlat4\AppPlat4-github\App\&nbsp;</td></tr><tr><td>Param[AUTH_TYPE]</td><td>Forms&nbsp;</td></tr><tr><td>Param[AUTH_USER]</td><td>admin&nbsp;</td></tr><tr><td>Param[REMOTE_USER]</td><td>admin&nbsp;</td></tr><tr><td>Param[CONTENT_LENGTH]</td><td>0&nbsp;</td></tr><tr><td>Param[GATEWAY_INTERFACE]</td><td>CGI/1.1&nbsp;</td></tr><tr><td>Param[HTTPS]</td><td>off&nbsp;</td></tr><tr><td>Param[INSTANCE_ID]</td><td>2&nbsp;</td></tr><tr><td>Param[INSTANCE_META_PATH]</td><td>/LM/W3SVC/2&nbsp;</td></tr><tr><td>Param[LOCAL_ADDR]</td><td>::1&nbsp;</td></tr><tr><td>Param[PATH_INFO]</td><td>/Pages/Devs/Datas.aspx&nbsp;</td></tr><tr><td>Param[PATH_TRANSLATED]</td><td>\\Mac\Downloads\Dev\AppPlat\AppPlat4\AppPlat4-github\App\Pages\Devs\Datas.aspx&nbsp;</td></tr><tr><td>Param[QUERY_STRING]</td><td>tp=App.DAL.ArticleVisit&pv=ArticleEdit&pn=ArticleEdit&pe=ArticleEdit&pd=ArticleEdit&ns=EDD35F1CF5&ts=1598431330&sn=7193AE0319&nbsp;</td></tr><tr><td>Param[REMOTE_ADDR]</td><td>::1&nbsp;</td></tr><tr><td>Param[REMOTE_HOST]</td><td>::1&nbsp;</td></tr><tr><td>Param[REMOTE_PORT]</td><td>1097&nbsp;</td></tr><tr><td>Param[REQUEST_METHOD]</td><td>GET&nbsp;</td></tr><tr><td>Param[SCRIPT_NAME]</td><td>/Pages/Devs/Datas.aspx&nbsp;</td></tr><tr><td>Param[SERVER_NAME]</td><td>localhost&nbsp;</td></tr><tr><td>Param[SERVER_PORT]</td><td>5626&nbsp;</td></tr><tr><td>Param[SERVER_PORT_SECURE]</td><td>0&nbsp;</td></tr><tr><td>Param[SERVER_PROTOCOL]</td><td>HTTP/1.1&nbsp;</td></tr><tr><td>Param[SERVER_SOFTWARE]</td><td>Microsoft-IIS/10.0&nbsp;</td></tr><tr><td>Param[URL]</td><td>/Pages/Devs/Datas.aspx&nbsp;</td></tr><tr><td>Param[HTTP_CACHE_CONTROL]</td><td>max-age=0&nbsp;</td></tr><tr><td>Param[HTTP_CONNECTION]</td><td>keep-alive&nbsp;</td></tr><tr><td>Param[HTTP_ACCEPT]</td><td>text/html,application/xhtml+xml,application/xml;q=0.9,image/webp,image/apng,*/*;q=0.8,application/signed-exchange;v=b3;q=0.9&nbsp;</td></tr><tr><td>Param[HTTP_ACCEPT_ENCODING]</td><td>gzip, deflate, br&nbsp;</td></tr><tr><td>Param[HTTP_ACCEPT_LANGUAGE]</td><td>zh-CN,zh;q=0.9,en-US;q=0.8,en;q=0.7&nbsp;</td></tr><tr><td>Param[HTTP_COOKIE]</td><td>Theme=image_blue_star; ASP.NET_SessionId=lztrksoqvo1uztikshy3sdwg; APPAUTH=F3E49312AFCA293828367024977161128F8A71CD08EE1CB324827826D3C8658809D836EBF5DF3784D6DAB79D045118DD427D0CE52B026C775583580C7C9E49D5B3052A6C131A42B450BA946A64BBD149F73DD83458D5A61C833524815B1B1AF3&nbsp;</td></tr><tr><td>Param[HTTP_HOST]</td><td>localhost:5626&nbsp;</td></tr><tr><td>Param[HTTP_REFERER]</td><td>http://localhost:5626/Pages/Devs/Datas.aspx?tp=App.DAL.ArticleVisit&pv=ArticleEdit&pn=ArticleEdit&pe=ArticleEdit&pd=ArticleEdit&ns=EDD35F1CF5&ts=1598431330&sn=7193AE0319&nbsp;</td></tr><tr><td>Param[HTTP_USER_AGENT]</td><td>Mozilla/5.0 (Windows NT 10.0; Win64; x64) AppleWebKit/537.36 (KHTML, like Gecko) Chrome/85.0.4183.83 Safari/537.36 Edg/85.0.564.41&nbsp;</td></tr><tr><td>Param[HTTP_UPGRADE_INSECURE_REQUESTS]</td><td>1&nbsp;</td></tr><tr><td>Param[HTTP_SEC_FETCH_SITE]</td><td>same-origin&nbsp;</td></tr><tr><td>Param[HTTP_SEC_FETCH_MODE]</td><td>navigate&nbsp;</td></tr><tr><td>Param[HTTP_SEC_FETCH_USER]</td><td>?1&nbsp;</td></tr><tr><td>Param[HTTP_SEC_FETCH_DEST]</td><td>iframe&nbsp;</td></tr></table><h1>客户端信息</h1><table class='table table-sm table-hover'><thead><tr><td width=300>名称</td><td>内容</td></tr></thead><tr><td>客户器IP</td><td>::1&nbsp;</td></tr><tr><td>客户机OS</td><td>WinNT&nbsp;</td></tr><tr><td>浏览器类型</td><td>Chrome85&nbsp;</td></tr><tr><td>支持Cookie</td><td>True&nbsp;</td></tr><tr><td>支持Frames</td><td>True&nbsp;</td></tr><tr><td>支持Javascript</td><td>3.0&nbsp;</td></tr><tr><td>支持VBScript</td><td>False&nbsp;</td></tr></table>
[2020-08-26 16:47:54,600] [ERROR] [App] [8] [ApplicationError] <h1>System.Web.HttpUnhandledException</h1><BR/>时间：20/8/26 下午4:47:54&nbsp;<BR/>URL：http://localhost:5626/Pages/Devs/Datas.aspx?tp=App.DAL.ArticleVisit&pv=ArticleEdit&pn=ArticleEdit&pe=ArticleEdit&pd=ArticleEdit&ns=EDD35F1CF5&ts=1598431330&sn=7193AE0319&nbsp;<BR/>来源：http://localhost:5626/Pages/Devs/Datas.aspx?tp=App.DAL.ArticleVisit&pv=ArticleEdit&pn=ArticleEdit&pe=ArticleEdit&pd=ArticleEdit&ns=EDD35F1CF5&ts=1598431330&sn=7193AE0319&nbsp;<BR/>错误：引发类型为“System.Web.HttpUnhandledException”的异常。<BR/>类名：System.Web.UI.Page<BR/>方法：HandleError<BR/>堆栈：<pre>   在 System.Web.UI.Page.HandleError(Exception e)
   在 System.Web.UI.Page.ProcessRequestMain(Boolean includeStagesBeforeAsyncPoint, Boolean includeStagesAfterAsyncPoint)
   在 System.Web.UI.Page.ProcessRequest(Boolean includeStagesBeforeAsyncPoint, Boolean includeStagesAfterAsyncPoint)
   在 System.Web.UI.Page.ProcessRequest()
   在 System.Web.UI.Page.ProcessRequestWithNoAssert(HttpContext context)
   在 System.Web.UI.Page.ProcessRequest(HttpContext context)
   在 ASP.pages_devs_datas_aspx.ProcessRequest(HttpContext context) 位置 c:\Users\CJH\AppData\Local\Temp\Temporary ASP.NET Files\vs\85e2c122\e6af9a12\App_Web_vku43mdx.4.cs:行号 0
   在 System.Web.HttpApplication.CallHandlerExecutionStep.System.Web.HttpApplication.IExecutionStep.Execute()
   在 System.Web.HttpApplication.ExecuteStepImpl(IExecutionStep step)
   在 System.Web.HttpApplication.ExecuteStep(IExecutionStep step, Boolean& completedSynchronously)</pre><h1>System.NullReferenceException</h1><BR/>时间：20/8/26 下午4:47:54&nbsp;<BR/>URL：http://localhost:5626/Pages/Devs/Datas.aspx?tp=App.DAL.ArticleVisit&pv=ArticleEdit&pn=ArticleEdit&pe=ArticleEdit&pd=ArticleEdit&ns=EDD35F1CF5&ts=1598431330&sn=7193AE0319&nbsp;<BR/>来源：http://localhost:5626/Pages/Devs/Datas.aspx?tp=App.DAL.ArticleVisit&pv=ArticleEdit&pn=ArticleEdit&pe=ArticleEdit&pd=ArticleEdit&ns=EDD35F1CF5&ts=1598431330&sn=7193AE0319&nbsp;<BR/>错误：未将对象引用设置到对象的实例。<BR/>类名：App.Components.Urls<BR/>方法：GetDatasUrl<BR/>堆栈：<pre>   在 App.Components.Urls.GetDatasUrl(Type type, String query, Nullable`1 mode, AuthAttribute auth) 位置 \\Mac\Downloads\Dev\AppPlat\AppPlat4\AppPlat4-github\App.Web\Components\Urls.cs:行号 195
   在 App.Controls.FormRender.CreateWinGrid(UIAttribute attr, EntityBase data, EditorType type) 位置 \\Mac\Downloads\Dev\AppPlat\AppPlat4\AppPlat4-github\App.Web\Controls\Renders\FormRender.cs:行号 325
   在 App.Controls.FormRender.CreateEditor(UISetting ui, UIAttribute attr, EditorType edt, FormBase form, EntityBase data) 位置 \\Mac\Downloads\Dev\AppPlat\AppPlat4\AppPlat4-github\App.Web\Controls\Renders\FormRender.cs:行号 153
   在 App.Controls.SearchRender.BuildSearcher(ControlBaseCollection container, UISetting ui, Boolean readOnly) 位置 \\Mac\Downloads\Dev\AppPlat\AppPlat4\AppPlat4-github\App.Web\Controls\Renders\SearchRender.cs:行号 118
   在 App.Controls.SearchRender.Render(ControlBaseCollection container, Dictionary`2 dict) 位置 \\Mac\Downloads\Dev\AppPlat\AppPlat4\AppPlat4-github\App.Web\Controls\Renders\SearchRender.cs:行号 41
   在 App.Controls.GridPro.AddSearcher() 位置 \\Mac\Downloads\Dev\AppPlat\AppPlat4\AppPlat4-github\App.Web\Controls\Renders\GridPro.Auto.cs:行号 153
   在 App.Controls.GridPro.Build(PanelBase toolbarPanel, Boolean newToolbar) 位置 \\Mac\Downloads\Dev\AppPlat\AppPlat4\AppPlat4-github\App.Web\Controls\Renders\GridPro.Auto.cs:行号 80
   在 App.Pages.Datas.Page_Load(Object sender, EventArgs e) 位置 \\Mac\Downloads\Dev\AppPlat\AppPlat4\AppPlat4-github\App\Pages\Devs\Datas.aspx.cs:行号 48
   在 System.Web.Util.CalliEventHandlerDelegateProxy.Callback(Object sender, EventArgs e)
   在 System.Web.UI.Control.OnLoad(EventArgs e)
   在 System.Web.UI.Control.LoadRecursive()
   在 System.Web.UI.Page.ProcessRequestMain(Boolean includeStagesBeforeAsyncPoint, Boolean includeStagesAfterAsyncPoint)</pre><h1>请求信息</h1><table class='table table-sm table-hover'><thead><tr><td width=300>名称</td><td>内容</td></tr></thead><tr><td>QueryString[tp]</td><td>App.DAL.ArticleVisit&nbsp;</td></tr><tr><td>QueryString[pv]</td><td>ArticleEdit&nbsp;</td></tr><tr><td>QueryString[pn]</td><td>ArticleEdit&nbsp;</td></tr><tr><td>QueryString[pe]</td><td>ArticleEdit&nbsp;</td></tr><tr><td>QueryString[pd]</td><td>ArticleEdit&nbsp;</td></tr><tr><td>QueryString[ns]</td><td>EDD35F1CF5&nbsp;</td></tr><tr><td>QueryString[ts]</td><td>1598431330&nbsp;</td></tr><tr><td>QueryString[sn]</td><td>7193AE0319&nbsp;</td></tr><tr><td>Cookie[Theme]</td><td>image_blue_star&nbsp;</td></tr><tr><td>Cookie[ASP.NET_SessionId]</td><td>lztrksoqvo1uztikshy3sdwg&nbsp;</td></tr><tr><td>Cookie[APPAUTH]</td><td>F3E49312AFCA293828367024977161128F8A71CD08EE1CB324827826D3C8658809D836EBF5DF3784D6DAB79D045118DD427D0CE52B026C775583580C7C9E49D5B3052A6C131A42B450BA946A64BBD149F73DD83458D5A61C833524815B1B1AF3&nbsp;</td></tr><tr><td>Header[Cache-Control]</td><td>max-age=0&nbsp;</td></tr><tr><td>Header[Connection]</td><td>keep-alive&nbsp;</td></tr><tr><td>Header[Accept]</td><td>text/html,application/xhtml+xml,application/xml;q=0.9,image/webp,image/apng,*/*;q=0.8,application/signed-exchange;v=b3;q=0.9&nbsp;</td></tr><tr><td>Header[Accept-Encoding]</td><td>gzip, deflate, br&nbsp;</td></tr><tr><td>Header[Accept-Language]</td><td>zh-CN,zh;q=0.9,en-US;q=0.8,en;q=0.7&nbsp;</td></tr><tr><td>Header[Cookie]</td><td>Theme=image_blue_star; ASP.NET_SessionId=lztrksoqvo1uztikshy3sdwg; APPAUTH=F3E49312AFCA293828367024977161128F8A71CD08EE1CB324827826D3C8658809D836EBF5DF3784D6DAB79D045118DD427D0CE52B026C775583580C7C9E49D5B3052A6C131A42B450BA946A64BBD149F73DD83458D5A61C833524815B1B1AF3&nbsp;</td></tr><tr><td>Header[Host]</td><td>localhost:5626&nbsp;</td></tr><tr><td>Header[Referer]</td><td>http://localhost:5626/Pages/Devs/Datas.aspx?tp=App.DAL.ArticleVisit&pv=ArticleEdit&pn=ArticleEdit&pe=ArticleEdit&pd=ArticleEdit&ns=EDD35F1CF5&ts=1598431330&sn=7193AE0319&nbsp;</td></tr><tr><td>Header[User-Agent]</td><td>Mozilla/5.0 (Windows NT 10.0; Win64; x64) AppleWebKit/537.36 (KHTML, like Gecko) Chrome/85.0.4183.83 Safari/537.36 Edg/85.0.564.41&nbsp;</td></tr><tr><td>Header[Upgrade-Insecure-Requests]</td><td>1&nbsp;</td></tr><tr><td>Header[Sec-Fetch-Site]</td><td>same-origin&nbsp;</td></tr><tr><td>Header[Sec-Fetch-Mode]</td><td>navigate&nbsp;</td></tr><tr><td>Header[Sec-Fetch-User]</td><td>?1&nbsp;</td></tr><tr><td>Header[Sec-Fetch-Dest]</td><td>iframe&nbsp;</td></tr></table><h1>请求详细参数</h1><table class='table table-sm table-hover'><thead><tr><td width=300>名称</td><td>内容</td></tr></thead><tr><td>Param[tp]</td><td>App.DAL.ArticleVisit&nbsp;</td></tr><tr><td>Param[pv]</td><td>ArticleEdit&nbsp;</td></tr><tr><td>Param[pn]</td><td>ArticleEdit&nbsp;</td></tr><tr><td>Param[pe]</td><td>ArticleEdit&nbsp;</td></tr><tr><td>Param[pd]</td><td>ArticleEdit&nbsp;</td></tr><tr><td>Param[ns]</td><td>EDD35F1CF5&nbsp;</td></tr><tr><td>Param[ts]</td><td>1598431330&nbsp;</td></tr><tr><td>Param[sn]</td><td>7193AE0319&nbsp;</td></tr><tr><td>Param[Theme]</td><td>image_blue_star&nbsp;</td></tr><tr><td>Param[ASP.NET_SessionId]</td><td>lztrksoqvo1uztikshy3sdwg&nbsp;</td></tr><tr><td>Param[APPAUTH]</td><td>F3E49312AFCA293828367024977161128F8A71CD08EE1CB324827826D3C8658809D836EBF5DF3784D6DAB79D045118DD427D0CE52B026C775583580C7C9E49D5B3052A6C131A42B450BA946A64BBD149F73DD83458D5A61C833524815B1B1AF3&nbsp;</td></tr><tr><td>Param[ALL_HTTP]</td><td>HTTP_CACHE_CONTROL:max-age=0
HTTP_CONNECTION:keep-alive
HTTP_ACCEPT:text/html,application/xhtml+xml,application/xml;q=0.9,image/webp,image/apng,*/*;q=0.8,application/signed-exchange;v=b3;q=0.9
HTTP_ACCEPT_ENCODING:gzip, deflate, br
HTTP_ACCEPT_LANGUAGE:zh-CN,zh;q=0.9,en-US;q=0.8,en;q=0.7
HTTP_COOKIE:Theme=image_blue_star; ASP.NET_SessionId=lztrksoqvo1uztikshy3sdwg; APPAUTH=F3E49312AFCA293828367024977161128F8A71CD08EE1CB324827826D3C8658809D836EBF5DF3784D6DAB79D045118DD427D0CE52B026C775583580C7C9E49D5B3052A6C131A42B450BA946A64BBD149F73DD83458D5A61C833524815B1B1AF3
HTTP_HOST:localhost:5626
HTTP_REFERER:http://localhost:5626/Pages/Devs/Datas.aspx?tp=App.DAL.ArticleVisit&pv=ArticleEdit&pn=ArticleEdit&pe=ArticleEdit&pd=ArticleEdit&ns=EDD35F1CF5&ts=1598431330&sn=7193AE0319
HTTP_USER_AGENT:Mozilla/5.0 (Windows NT 10.0; Win64; x64) AppleWebKit/537.36 (KHTML, like Gecko) Chrome/85.0.4183.83 Safari/537.36 Edg/85.0.564.41
HTTP_UPGRADE_INSECURE_REQUESTS:1
HTTP_SEC_FETCH_SITE:same-origin
HTTP_SEC_FETCH_MODE:navigate
HTTP_SEC_FETCH_USER:?1
HTTP_SEC_FETCH_DEST:iframe
&nbsp;</td></tr><tr><td>Param[ALL_RAW]</td><td>Cache-Control: max-age=0
Connection: keep-alive
Accept: text/html,application/xhtml+xml,application/xml;q=0.9,image/webp,image/apng,*/*;q=0.8,application/signed-exchange;v=b3;q=0.9
Accept-Encoding: gzip, deflate, br
Accept-Language: zh-CN,zh;q=0.9,en-US;q=0.8,en;q=0.7
Cookie: Theme=image_blue_star; ASP.NET_SessionId=lztrksoqvo1uztikshy3sdwg; APPAUTH=F3E49312AFCA293828367024977161128F8A71CD08EE1CB324827826D3C8658809D836EBF5DF3784D6DAB79D045118DD427D0CE52B026C775583580C7C9E49D5B3052A6C131A42B450BA946A64BBD149F73DD83458D5A61C833524815B1B1AF3
Host: localhost:5626
Referer: http://localhost:5626/Pages/Devs/Datas.aspx?tp=App.DAL.ArticleVisit&pv=ArticleEdit&pn=ArticleEdit&pe=ArticleEdit&pd=ArticleEdit&ns=EDD35F1CF5&ts=1598431330&sn=7193AE0319
User-Agent: Mozilla/5.0 (Windows NT 10.0; Win64; x64) AppleWebKit/537.36 (KHTML, like Gecko) Chrome/85.0.4183.83 Safari/537.36 Edg/85.0.564.41
Upgrade-Insecure-Requests: 1
Sec-Fetch-Site: same-origin
Sec-Fetch-Mode: navigate
Sec-Fetch-User: ?1
Sec-Fetch-Dest: iframe
&nbsp;</td></tr><tr><td>Param[APPL_MD_PATH]</td><td>/LM/W3SVC/2/ROOT&nbsp;</td></tr><tr><td>Param[APPL_PHYSICAL_PATH]</td><td>\\Mac\Downloads\Dev\AppPlat\AppPlat4\AppPlat4-github\App\&nbsp;</td></tr><tr><td>Param[AUTH_TYPE]</td><td>Forms&nbsp;</td></tr><tr><td>Param[AUTH_USER]</td><td>admin&nbsp;</td></tr><tr><td>Param[REMOTE_USER]</td><td>admin&nbsp;</td></tr><tr><td>Param[CONTENT_LENGTH]</td><td>0&nbsp;</td></tr><tr><td>Param[GATEWAY_INTERFACE]</td><td>CGI/1.1&nbsp;</td></tr><tr><td>Param[HTTPS]</td><td>off&nbsp;</td></tr><tr><td>Param[INSTANCE_ID]</td><td>2&nbsp;</td></tr><tr><td>Param[INSTANCE_META_PATH]</td><td>/LM/W3SVC/2&nbsp;</td></tr><tr><td>Param[LOCAL_ADDR]</td><td>::1&nbsp;</td></tr><tr><td>Param[PATH_INFO]</td><td>/Pages/Devs/Datas.aspx&nbsp;</td></tr><tr><td>Param[PATH_TRANSLATED]</td><td>\\Mac\Downloads\Dev\AppPlat\AppPlat4\AppPlat4-github\App\Pages\Devs\Datas.aspx&nbsp;</td></tr><tr><td>Param[QUERY_STRING]</td><td>tp=App.DAL.ArticleVisit&pv=ArticleEdit&pn=ArticleEdit&pe=ArticleEdit&pd=ArticleEdit&ns=EDD35F1CF5&ts=1598431330&sn=7193AE0319&nbsp;</td></tr><tr><td>Param[REMOTE_ADDR]</td><td>::1&nbsp;</td></tr><tr><td>Param[REMOTE_HOST]</td><td>::1&nbsp;</td></tr><tr><td>Param[REMOTE_PORT]</td><td>1097&nbsp;</td></tr><tr><td>Param[REQUEST_METHOD]</td><td>GET&nbsp;</td></tr><tr><td>Param[SCRIPT_NAME]</td><td>/Pages/Devs/Datas.aspx&nbsp;</td></tr><tr><td>Param[SERVER_NAME]</td><td>localhost&nbsp;</td></tr><tr><td>Param[SERVER_PORT]</td><td>5626&nbsp;</td></tr><tr><td>Param[SERVER_PORT_SECURE]</td><td>0&nbsp;</td></tr><tr><td>Param[SERVER_PROTOCOL]</td><td>HTTP/1.1&nbsp;</td></tr><tr><td>Param[SERVER_SOFTWARE]</td><td>Microsoft-IIS/10.0&nbsp;</td></tr><tr><td>Param[URL]</td><td>/Pages/Devs/Datas.aspx&nbsp;</td></tr><tr><td>Param[HTTP_CACHE_CONTROL]</td><td>max-age=0&nbsp;</td></tr><tr><td>Param[HTTP_CONNECTION]</td><td>keep-alive&nbsp;</td></tr><tr><td>Param[HTTP_ACCEPT]</td><td>text/html,application/xhtml+xml,application/xml;q=0.9,image/webp,image/apng,*/*;q=0.8,application/signed-exchange;v=b3;q=0.9&nbsp;</td></tr><tr><td>Param[HTTP_ACCEPT_ENCODING]</td><td>gzip, deflate, br&nbsp;</td></tr><tr><td>Param[HTTP_ACCEPT_LANGUAGE]</td><td>zh-CN,zh;q=0.9,en-US;q=0.8,en;q=0.7&nbsp;</td></tr><tr><td>Param[HTTP_COOKIE]</td><td>Theme=image_blue_star; ASP.NET_SessionId=lztrksoqvo1uztikshy3sdwg; APPAUTH=F3E49312AFCA293828367024977161128F8A71CD08EE1CB324827826D3C8658809D836EBF5DF3784D6DAB79D045118DD427D0CE52B026C775583580C7C9E49D5B3052A6C131A42B450BA946A64BBD149F73DD83458D5A61C833524815B1B1AF3&nbsp;</td></tr><tr><td>Param[HTTP_HOST]</td><td>localhost:5626&nbsp;</td></tr><tr><td>Param[HTTP_REFERER]</td><td>http://localhost:5626/Pages/Devs/Datas.aspx?tp=App.DAL.ArticleVisit&pv=ArticleEdit&pn=ArticleEdit&pe=ArticleEdit&pd=ArticleEdit&ns=EDD35F1CF5&ts=1598431330&sn=7193AE0319&nbsp;</td></tr><tr><td>Param[HTTP_USER_AGENT]</td><td>Mozilla/5.0 (Windows NT 10.0; Win64; x64) AppleWebKit/537.36 (KHTML, like Gecko) Chrome/85.0.4183.83 Safari/537.36 Edg/85.0.564.41&nbsp;</td></tr><tr><td>Param[HTTP_UPGRADE_INSECURE_REQUESTS]</td><td>1&nbsp;</td></tr><tr><td>Param[HTTP_SEC_FETCH_SITE]</td><td>same-origin&nbsp;</td></tr><tr><td>Param[HTTP_SEC_FETCH_MODE]</td><td>navigate&nbsp;</td></tr><tr><td>Param[HTTP_SEC_FETCH_USER]</td><td>?1&nbsp;</td></tr><tr><td>Param[HTTP_SEC_FETCH_DEST]</td><td>iframe&nbsp;</td></tr></table><h1>客户端信息</h1><table class='table table-sm table-hover'><thead><tr><td width=300>名称</td><td>内容</td></tr></thead><tr><td>客户器IP</td><td>::1&nbsp;</td></tr><tr><td>客户机OS</td><td>WinNT&nbsp;</td></tr><tr><td>浏览器类型</td><td>Chrome85&nbsp;</td></tr><tr><td>支持Cookie</td><td>True&nbsp;</td></tr><tr><td>支持Frames</td><td>True&nbsp;</td></tr><tr><td>支持Javascript</td><td>3.0&nbsp;</td></tr><tr><td>支持VBScript</td><td>False&nbsp;</td></tr></table>
[2020-08-26 16:50:15,074] [ERROR] [App] [15] [ApplicationError] <h1>System.Web.HttpUnhandledException</h1><BR/>时间：20/8/26 下午4:50:15&nbsp;<BR/>URL：http://localhost:5626/Pages/Devs/Datas.aspx?tp=App.DAL.ArticleVisit&pv=ArticleEdit&pn=ArticleEdit&pe=ArticleEdit&pd=ArticleEdit&ns=EDD35F1CF5&ts=1598431330&sn=7193AE0319&nbsp;<BR/>来源：http://localhost:5626/Pages/Devs/Datas.aspx?tp=App.DAL.ArticleVisit&pv=ArticleEdit&pn=ArticleEdit&pe=ArticleEdit&pd=ArticleEdit&ns=EDD35F1CF5&ts=1598431330&sn=7193AE0319&nbsp;<BR/>错误：引发类型为“System.Web.HttpUnhandledException”的异常。<BR/>类名：System.Web.UI.Page<BR/>方法：HandleError<BR/>堆栈：<pre>   在 System.Web.UI.Page.HandleError(Exception e)
   在 System.Web.UI.Page.ProcessRequestMain(Boolean includeStagesBeforeAsyncPoint, Boolean includeStagesAfterAsyncPoint)
   在 System.Web.UI.Page.ProcessRequest(Boolean includeStagesBeforeAsyncPoint, Boolean includeStagesAfterAsyncPoint)
   在 System.Web.UI.Page.ProcessRequest()
   在 System.Web.UI.Page.ProcessRequestWithNoAssert(HttpContext context)
   在 System.Web.UI.Page.ProcessRequest(HttpContext context)
   在 ASP.pages_devs_datas_aspx.ProcessRequest(HttpContext context) 位置 c:\Users\CJH\AppData\Local\Temp\Temporary ASP.NET Files\vs\85e2c122\e6af9a12\App_Web_vku43mdx.4.cs:行号 0
   在 System.Web.HttpApplication.CallHandlerExecutionStep.System.Web.HttpApplication.IExecutionStep.Execute()
   在 System.Web.HttpApplication.ExecuteStepImpl(IExecutionStep step)
   在 System.Web.HttpApplication.ExecuteStep(IExecutionStep step, Boolean& completedSynchronously)</pre><h1>System.NullReferenceException</h1><BR/>时间：20/8/26 下午4:50:15&nbsp;<BR/>URL：http://localhost:5626/Pages/Devs/Datas.aspx?tp=App.DAL.ArticleVisit&pv=ArticleEdit&pn=ArticleEdit&pe=ArticleEdit&pd=ArticleEdit&ns=EDD35F1CF5&ts=1598431330&sn=7193AE0319&nbsp;<BR/>来源：http://localhost:5626/Pages/Devs/Datas.aspx?tp=App.DAL.ArticleVisit&pv=ArticleEdit&pn=ArticleEdit&pe=ArticleEdit&pd=ArticleEdit&ns=EDD35F1CF5&ts=1598431330&sn=7193AE0319&nbsp;<BR/>错误：未将对象引用设置到对象的实例。<BR/>类名：App.Components.Urls<BR/>方法：GetDatasUrl<BR/>堆栈：<pre>   在 App.Components.Urls.GetDatasUrl(Type type, String query, Nullable`1 mode, AuthAttribute auth)
   在 App.Controls.FormRender.CreateWinGrid(UIAttribute attr, EntityBase data, EditorType type)
   在 App.Controls.FormRender.CreateEditor(UISetting ui, UIAttribute attr, EditorType edt, FormBase form, EntityBase data)
   在 App.Controls.SearchRender.BuildSearcher(ControlBaseCollection container, UISetting ui, Boolean readOnly)
   在 App.Controls.SearchRender.Render(ControlBaseCollection container, Dictionary`2 dict)
   在 App.Controls.GridPro.AddSearcher()
   在 App.Controls.GridPro.Build(PanelBase toolbarPanel, Boolean newToolbar)
   在 App.Pages.Datas.Page_Load(Object sender, EventArgs e) 位置 \\Mac\Downloads\Dev\AppPlat\AppPlat4\AppPlat4-github\App\Pages\Devs\Datas.aspx.cs:行号 48
   在 System.Web.Util.CalliEventHandlerDelegateProxy.Callback(Object sender, EventArgs e)
   在 System.Web.UI.Control.OnLoad(EventArgs e)
   在 System.Web.UI.Control.LoadRecursive()
   在 System.Web.UI.Page.ProcessRequestMain(Boolean includeStagesBeforeAsyncPoint, Boolean includeStagesAfterAsyncPoint)</pre><h1>请求信息</h1><table class='table table-sm table-hover'><thead><tr><td width=300>名称</td><td>内容</td></tr></thead><tr><td>QueryString[tp]</td><td>App.DAL.ArticleVisit&nbsp;</td></tr><tr><td>QueryString[pv]</td><td>ArticleEdit&nbsp;</td></tr><tr><td>QueryString[pn]</td><td>ArticleEdit&nbsp;</td></tr><tr><td>QueryString[pe]</td><td>ArticleEdit&nbsp;</td></tr><tr><td>QueryString[pd]</td><td>ArticleEdit&nbsp;</td></tr><tr><td>QueryString[ns]</td><td>EDD35F1CF5&nbsp;</td></tr><tr><td>QueryString[ts]</td><td>1598431330&nbsp;</td></tr><tr><td>QueryString[sn]</td><td>7193AE0319&nbsp;</td></tr><tr><td>Cookie[Theme]</td><td>image_blue_star&nbsp;</td></tr><tr><td>Cookie[ASP.NET_SessionId]</td><td>lztrksoqvo1uztikshy3sdwg&nbsp;</td></tr><tr><td>Cookie[APPAUTH]</td><td>F3E49312AFCA293828367024977161128F8A71CD08EE1CB324827826D3C8658809D836EBF5DF3784D6DAB79D045118DD427D0CE52B026C775583580C7C9E49D5B3052A6C131A42B450BA946A64BBD149F73DD83458D5A61C833524815B1B1AF3&nbsp;</td></tr><tr><td>Header[Cache-Control]</td><td>max-age=0&nbsp;</td></tr><tr><td>Header[Connection]</td><td>keep-alive&nbsp;</td></tr><tr><td>Header[Accept]</td><td>text/html,application/xhtml+xml,application/xml;q=0.9,image/webp,image/apng,*/*;q=0.8,application/signed-exchange;v=b3;q=0.9&nbsp;</td></tr><tr><td>Header[Accept-Encoding]</td><td>gzip, deflate, br&nbsp;</td></tr><tr><td>Header[Accept-Language]</td><td>zh-CN,zh;q=0.9,en-US;q=0.8,en;q=0.7&nbsp;</td></tr><tr><td>Header[Cookie]</td><td>Theme=image_blue_star; ASP.NET_SessionId=lztrksoqvo1uztikshy3sdwg; APPAUTH=F3E49312AFCA293828367024977161128F8A71CD08EE1CB324827826D3C8658809D836EBF5DF3784D6DAB79D045118DD427D0CE52B026C775583580C7C9E49D5B3052A6C131A42B450BA946A64BBD149F73DD83458D5A61C833524815B1B1AF3&nbsp;</td></tr><tr><td>Header[Host]</td><td>localhost:5626&nbsp;</td></tr><tr><td>Header[Referer]</td><td>http://localhost:5626/Pages/Devs/Datas.aspx?tp=App.DAL.ArticleVisit&pv=ArticleEdit&pn=ArticleEdit&pe=ArticleEdit&pd=ArticleEdit&ns=EDD35F1CF5&ts=1598431330&sn=7193AE0319&nbsp;</td></tr><tr><td>Header[User-Agent]</td><td>Mozilla/5.0 (Windows NT 10.0; Win64; x64) AppleWebKit/537.36 (KHTML, like Gecko) Chrome/85.0.4183.83 Safari/537.36 Edg/85.0.564.41&nbsp;</td></tr><tr><td>Header[Upgrade-Insecure-Requests]</td><td>1&nbsp;</td></tr><tr><td>Header[Sec-Fetch-Site]</td><td>same-origin&nbsp;</td></tr><tr><td>Header[Sec-Fetch-Mode]</td><td>navigate&nbsp;</td></tr><tr><td>Header[Sec-Fetch-User]</td><td>?1&nbsp;</td></tr><tr><td>Header[Sec-Fetch-Dest]</td><td>iframe&nbsp;</td></tr></table><h1>请求详细参数</h1><table class='table table-sm table-hover'><thead><tr><td width=300>名称</td><td>内容</td></tr></thead><tr><td>Param[tp]</td><td>App.DAL.ArticleVisit&nbsp;</td></tr><tr><td>Param[pv]</td><td>ArticleEdit&nbsp;</td></tr><tr><td>Param[pn]</td><td>ArticleEdit&nbsp;</td></tr><tr><td>Param[pe]</td><td>ArticleEdit&nbsp;</td></tr><tr><td>Param[pd]</td><td>ArticleEdit&nbsp;</td></tr><tr><td>Param[ns]</td><td>EDD35F1CF5&nbsp;</td></tr><tr><td>Param[ts]</td><td>1598431330&nbsp;</td></tr><tr><td>Param[sn]</td><td>7193AE0319&nbsp;</td></tr><tr><td>Param[Theme]</td><td>image_blue_star&nbsp;</td></tr><tr><td>Param[ASP.NET_SessionId]</td><td>lztrksoqvo1uztikshy3sdwg&nbsp;</td></tr><tr><td>Param[APPAUTH]</td><td>F3E49312AFCA293828367024977161128F8A71CD08EE1CB324827826D3C8658809D836EBF5DF3784D6DAB79D045118DD427D0CE52B026C775583580C7C9E49D5B3052A6C131A42B450BA946A64BBD149F73DD83458D5A61C833524815B1B1AF3&nbsp;</td></tr><tr><td>Param[ALL_HTTP]</td><td>HTTP_CACHE_CONTROL:max-age=0
HTTP_CONNECTION:keep-alive
HTTP_ACCEPT:text/html,application/xhtml+xml,application/xml;q=0.9,image/webp,image/apng,*/*;q=0.8,application/signed-exchange;v=b3;q=0.9
HTTP_ACCEPT_ENCODING:gzip, deflate, br
HTTP_ACCEPT_LANGUAGE:zh-CN,zh;q=0.9,en-US;q=0.8,en;q=0.7
HTTP_COOKIE:Theme=image_blue_star; ASP.NET_SessionId=lztrksoqvo1uztikshy3sdwg; APPAUTH=F3E49312AFCA293828367024977161128F8A71CD08EE1CB324827826D3C8658809D836EBF5DF3784D6DAB79D045118DD427D0CE52B026C775583580C7C9E49D5B3052A6C131A42B450BA946A64BBD149F73DD83458D5A61C833524815B1B1AF3
HTTP_HOST:localhost:5626
HTTP_REFERER:http://localhost:5626/Pages/Devs/Datas.aspx?tp=App.DAL.ArticleVisit&pv=ArticleEdit&pn=ArticleEdit&pe=ArticleEdit&pd=ArticleEdit&ns=EDD35F1CF5&ts=1598431330&sn=7193AE0319
HTTP_USER_AGENT:Mozilla/5.0 (Windows NT 10.0; Win64; x64) AppleWebKit/537.36 (KHTML, like Gecko) Chrome/85.0.4183.83 Safari/537.36 Edg/85.0.564.41
HTTP_UPGRADE_INSECURE_REQUESTS:1
HTTP_SEC_FETCH_SITE:same-origin
HTTP_SEC_FETCH_MODE:navigate
HTTP_SEC_FETCH_USER:?1
HTTP_SEC_FETCH_DEST:iframe
&nbsp;</td></tr><tr><td>Param[ALL_RAW]</td><td>Cache-Control: max-age=0
Connection: keep-alive
Accept: text/html,application/xhtml+xml,application/xml;q=0.9,image/webp,image/apng,*/*;q=0.8,application/signed-exchange;v=b3;q=0.9
Accept-Encoding: gzip, deflate, br
Accept-Language: zh-CN,zh;q=0.9,en-US;q=0.8,en;q=0.7
Cookie: Theme=image_blue_star; ASP.NET_SessionId=lztrksoqvo1uztikshy3sdwg; APPAUTH=F3E49312AFCA293828367024977161128F8A71CD08EE1CB324827826D3C8658809D836EBF5DF3784D6DAB79D045118DD427D0CE52B026C775583580C7C9E49D5B3052A6C131A42B450BA946A64BBD149F73DD83458D5A61C833524815B1B1AF3
Host: localhost:5626
Referer: http://localhost:5626/Pages/Devs/Datas.aspx?tp=App.DAL.ArticleVisit&pv=ArticleEdit&pn=ArticleEdit&pe=ArticleEdit&pd=ArticleEdit&ns=EDD35F1CF5&ts=1598431330&sn=7193AE0319
User-Agent: Mozilla/5.0 (Windows NT 10.0; Win64; x64) AppleWebKit/537.36 (KHTML, like Gecko) Chrome/85.0.4183.83 Safari/537.36 Edg/85.0.564.41
Upgrade-Insecure-Requests: 1
Sec-Fetch-Site: same-origin
Sec-Fetch-Mode: navigate
Sec-Fetch-User: ?1
Sec-Fetch-Dest: iframe
&nbsp;</td></tr><tr><td>Param[APPL_MD_PATH]</td><td>/LM/W3SVC/2/ROOT&nbsp;</td></tr><tr><td>Param[APPL_PHYSICAL_PATH]</td><td>\\Mac\Downloads\Dev\AppPlat\AppPlat4\AppPlat4-github\App\&nbsp;</td></tr><tr><td>Param[AUTH_TYPE]</td><td>Forms&nbsp;</td></tr><tr><td>Param[AUTH_USER]</td><td>admin&nbsp;</td></tr><tr><td>Param[REMOTE_USER]</td><td>admin&nbsp;</td></tr><tr><td>Param[CONTENT_LENGTH]</td><td>0&nbsp;</td></tr><tr><td>Param[GATEWAY_INTERFACE]</td><td>CGI/1.1&nbsp;</td></tr><tr><td>Param[HTTPS]</td><td>off&nbsp;</td></tr><tr><td>Param[INSTANCE_ID]</td><td>2&nbsp;</td></tr><tr><td>Param[INSTANCE_META_PATH]</td><td>/LM/W3SVC/2&nbsp;</td></tr><tr><td>Param[LOCAL_ADDR]</td><td>::1&nbsp;</td></tr><tr><td>Param[PATH_INFO]</td><td>/Pages/Devs/Datas.aspx&nbsp;</td></tr><tr><td>Param[PATH_TRANSLATED]</td><td>\\Mac\Downloads\Dev\AppPlat\AppPlat4\AppPlat4-github\App\Pages\Devs\Datas.aspx&nbsp;</td></tr><tr><td>Param[QUERY_STRING]</td><td>tp=App.DAL.ArticleVisit&pv=ArticleEdit&pn=ArticleEdit&pe=ArticleEdit&pd=ArticleEdit&ns=EDD35F1CF5&ts=1598431330&sn=7193AE0319&nbsp;</td></tr><tr><td>Param[REMOTE_ADDR]</td><td>::1&nbsp;</td></tr><tr><td>Param[REMOTE_HOST]</td><td>::1&nbsp;</td></tr><tr><td>Param[REMOTE_PORT]</td><td>1097&nbsp;</td></tr><tr><td>Param[REQUEST_METHOD]</td><td>GET&nbsp;</td></tr><tr><td>Param[SCRIPT_NAME]</td><td>/Pages/Devs/Datas.aspx&nbsp;</td></tr><tr><td>Param[SERVER_NAME]</td><td>localhost&nbsp;</td></tr><tr><td>Param[SERVER_PORT]</td><td>5626&nbsp;</td></tr><tr><td>Param[SERVER_PORT_SECURE]</td><td>0&nbsp;</td></tr><tr><td>Param[SERVER_PROTOCOL]</td><td>HTTP/1.1&nbsp;</td></tr><tr><td>Param[SERVER_SOFTWARE]</td><td>Microsoft-IIS/10.0&nbsp;</td></tr><tr><td>Param[URL]</td><td>/Pages/Devs/Datas.aspx&nbsp;</td></tr><tr><td>Param[HTTP_CACHE_CONTROL]</td><td>max-age=0&nbsp;</td></tr><tr><td>Param[HTTP_CONNECTION]</td><td>keep-alive&nbsp;</td></tr><tr><td>Param[HTTP_ACCEPT]</td><td>text/html,application/xhtml+xml,application/xml;q=0.9,image/webp,image/apng,*/*;q=0.8,application/signed-exchange;v=b3;q=0.9&nbsp;</td></tr><tr><td>Param[HTTP_ACCEPT_ENCODING]</td><td>gzip, deflate, br&nbsp;</td></tr><tr><td>Param[HTTP_ACCEPT_LANGUAGE]</td><td>zh-CN,zh;q=0.9,en-US;q=0.8,en;q=0.7&nbsp;</td></tr><tr><td>Param[HTTP_COOKIE]</td><td>Theme=image_blue_star; ASP.NET_SessionId=lztrksoqvo1uztikshy3sdwg; APPAUTH=F3E49312AFCA293828367024977161128F8A71CD08EE1CB324827826D3C8658809D836EBF5DF3784D6DAB79D045118DD427D0CE52B026C775583580C7C9E49D5B3052A6C131A42B450BA946A64BBD149F73DD83458D5A61C833524815B1B1AF3&nbsp;</td></tr><tr><td>Param[HTTP_HOST]</td><td>localhost:5626&nbsp;</td></tr><tr><td>Param[HTTP_REFERER]</td><td>http://localhost:5626/Pages/Devs/Datas.aspx?tp=App.DAL.ArticleVisit&pv=ArticleEdit&pn=ArticleEdit&pe=ArticleEdit&pd=ArticleEdit&ns=EDD35F1CF5&ts=1598431330&sn=7193AE0319&nbsp;</td></tr><tr><td>Param[HTTP_USER_AGENT]</td><td>Mozilla/5.0 (Windows NT 10.0; Win64; x64) AppleWebKit/537.36 (KHTML, like Gecko) Chrome/85.0.4183.83 Safari/537.36 Edg/85.0.564.41&nbsp;</td></tr><tr><td>Param[HTTP_UPGRADE_INSECURE_REQUESTS]</td><td>1&nbsp;</td></tr><tr><td>Param[HTTP_SEC_FETCH_SITE]</td><td>same-origin&nbsp;</td></tr><tr><td>Param[HTTP_SEC_FETCH_MODE]</td><td>navigate&nbsp;</td></tr><tr><td>Param[HTTP_SEC_FETCH_USER]</td><td>?1&nbsp;</td></tr><tr><td>Param[HTTP_SEC_FETCH_DEST]</td><td>iframe&nbsp;</td></tr></table><h1>客户端信息</h1><table class='table table-sm table-hover'><thead><tr><td width=300>名称</td><td>内容</td></tr></thead><tr><td>客户器IP</td><td>::1&nbsp;</td></tr><tr><td>客户机OS</td><td>WinNT&nbsp;</td></tr><tr><td>浏览器类型</td><td>Chrome85&nbsp;</td></tr><tr><td>支持Cookie</td><td>True&nbsp;</td></tr><tr><td>支持Frames</td><td>True&nbsp;</td></tr><tr><td>支持Javascript</td><td>3.0&nbsp;</td></tr><tr><td>支持VBScript</td><td>False&nbsp;</td></tr></table>
[2020-08-26 16:50:29,239] [WARN ] [App] [11] [Monitor] 2020-08-26 16:50:29:239 请求 http://localhost:5626/Pages/Devs/Datas.aspx?tp=App.DAL.ArticleVisit&pv=ArticleEdit&pn=ArticleEdit&pe=ArticleEdit&pd=ArticleEdit&ns=EDD35F1CF5&ts=1598431330&sn=7193AE0319, IP地址 ::1, 耗时 5.9280 秒
[2020-08-26 16:50:54,796] [WARN ] [App] [15] [Monitor] 2020-08-26 16:50:54:796 请求 http://localhost:5626/Pages/Devs/Datas.aspx?tp=App.DAL.ArticleVisit&pv=ArticleEdit&pn=ArticleEdit&pe=ArticleEdit&pd=ArticleEdit&ns=EDD35F1CF5&ts=1598431330&sn=7193AE0319, IP地址 ::1, 耗时 2.2430 秒
