[2020-03-19 16:55:24,649] [INFO ] [Consoler] [3] Logger start
[2020-03-19 16:55:24,664] [INFO ] [Consoler] [3] [Connect] http://doc.oa.wz.zj.cn:88 running
[2020-03-19 16:55:25,161] [INFO ] [Consoler] [3] [Connect] http://doc.oa.wz.zj.cn:88 ok
[2020-03-19 16:55:25,162] [INFO ] [Consoler] [3] [Article]  running
[2020-03-19 16:55:31,056] [INFO ] [Consoler] [3] [Article]  ok
[2020-03-19 16:55:31,057] [INFO ] [Consoler] [3] [Log]  running
[2020-03-19 16:55:31,074] [INFO ] [Consoler] [3] [Log]  ok
[2020-03-19 16:55:54,602] [INFO ] [Consoler] [3] [Connect] http://doc.oa.wz.zj.cn:88 running
[2020-03-19 16:55:54,622] [INFO ] [Consoler] [3] [Connect] http://doc.oa.wz.zj.cn:88 ok
[2020-03-19 17:05:47,297] [INFO ] [Consoler] [3] Logger start
[2020-03-19 17:05:47,309] [INFO ] [Consoler] [3] [Connect] http://doc.oa.wz.zj.cn:88 running
[2020-03-19 17:05:47,676] [INFO ] [Consoler] [3] [Connect] http://doc.oa.wz.zj.cn:88 ok
[2020-03-19 17:05:47,679] [INFO ] [Consoler] [3] [Article]  running
[2020-03-19 17:05:53,188] [INFO ] [Consoler] [3] [Article]  ok
[2020-03-19 17:05:53,189] [INFO ] [Consoler] [3] [Log]  running
[2020-03-19 17:05:53,206] [INFO ] [Consoler] [3] [Log]  ok
[2020-03-19 17:06:56,943] [INFO ] [Consoler] [3] Logger start
[2020-03-19 17:06:56,953] [INFO ] [Consoler] [3] [Connect] http://doc.oa.wz.zj.cn:88 running
[2020-03-19 17:06:57,412] [INFO ] [Consoler] [3] [Connect] http://doc.oa.wz.zj.cn:88 ok
[2020-03-19 17:06:57,412] [INFO ] [Consoler] [3] [Article]  running
[2020-03-19 17:07:02,377] [INFO ] [Consoler] [3] [Article]  ok
[2020-03-19 17:07:02,377] [INFO ] [Consoler] [3] [Log]  running
[2020-03-19 17:07:02,393] [INFO ] [Consoler] [3] [Log]  ok
[2020-03-19 17:28:51,238] [INFO ] [Consoler] [3] Logger start
[2020-03-19 17:28:51,253] [INFO ] [Consoler] [3] [Connect] http://doc.oa.wz.zj.cn:88 running
[2020-03-19 17:28:51,663] [INFO ] [Consoler] [3] [Connect] http://doc.oa.wz.zj.cn:88 ok
[2020-03-19 17:28:51,669] [INFO ] [Consoler] [3] [Article]  running
