[2020-04-08 09:46:25,216] [INFO ] [Consoler] [3] Logger start
[2020-04-08 09:46:25,238] [INFO ] [Consoler] [3] [Connect] http://doc.oa.wz.zj.cn:88 running
[2020-04-08 09:46:25,620] [INFO ] [Consoler] [3] [Connect] http://doc.oa.wz.zj.cn:88 ok
[2020-04-08 09:46:25,622] [INFO ] [Consoler] [3] [Article]  running
[2020-04-08 09:48:01,584] [INFO ] [Consoler] [3] [Article]  ok
[2020-04-08 09:48:01,585] [INFO ] [Consoler] [3] [Log]  running
[2020-04-08 09:48:07,623] [INFO ] [Consoler] [3] [Log]  ok
[2020-04-08 14:55:49,327] [INFO ] [Consoler] [3] Logger start
[2020-04-08 14:55:49,374] [INFO ] [Consoler] [3] [Connect] http://doc.oa.wz.zj.cn:88 running
[2020-04-08 14:55:50,382] [INFO ] [Consoler] [3] [Connect] http://doc.oa.wz.zj.cn:88 ok
[2020-04-08 14:55:50,397] [INFO ] [Consoler] [3] [Article]  running
[2020-04-08 14:56:48,106] [INFO ] [Consoler] [3] [Article]  ok
[2020-04-08 14:56:48,107] [INFO ] [Consoler] [3] [Log]  running
[2020-04-08 14:57:17,761] [INFO ] [Consoler] [3] [Log]  ok
[2020-04-08 14:57:56,032] [INFO ] [Consoler] [3] Logger start
[2020-04-08 14:57:56,043] [INFO ] [Consoler] [3] [Connect] http://doc.oa.wz.zj.cn:88 running
[2020-04-08 14:57:56,303] [INFO ] [Consoler] [3] [Connect] http://doc.oa.wz.zj.cn:88 ok
[2020-04-08 14:57:56,343] [INFO ] [Consoler] [3] [Article]  running
[2020-04-08 14:59:33,945] [INFO ] [Consoler] [3] [Article]  ok
[2020-04-08 14:59:33,947] [INFO ] [Consoler] [3] [Log]  running
[2020-04-08 14:59:39,184] [INFO ] [Consoler] [3] [Log]  ok
[2020-04-08 15:06:28,311] [INFO ] [Consoler] [3] Logger start
[2020-04-08 15:06:28,339] [INFO ] [Consoler] [3] [Connect] http://doc.oa.wz.zj.cn:88 running
[2020-04-08 15:06:28,637] [INFO ] [Consoler] [3] [Connect] http://doc.oa.wz.zj.cn:88 ok
[2020-04-08 15:06:28,642] [INFO ] [Consoler] [3] [Article]  running
[2020-04-08 15:07:01,515] [INFO ] [Consoler] [3] [Article]  ok
[2020-04-08 15:07:01,521] [INFO ] [Consoler] [3] [Log]  running
[2020-04-08 15:07:09,637] [INFO ] [Consoler] [3] [Log]  ok
[2020-04-08 15:07:17,866] [INFO ] [Consoler] [3] Logger start
[2020-04-08 15:07:17,876] [INFO ] [Consoler] [3] [Connect] http://doc.oa.wz.zj.cn:88 running
[2020-04-08 15:07:18,122] [INFO ] [Consoler] [3] [Connect] http://doc.oa.wz.zj.cn:88 ok
[2020-04-08 15:07:18,123] [INFO ] [Consoler] [3] [Article]  running
[2020-04-08 15:07:51,148] [INFO ] [Consoler] [3] [Article]  ok
[2020-04-08 15:07:51,149] [INFO ] [Consoler] [3] [Log]  running
[2020-04-08 15:23:36,759] [INFO ] [Consoler] [3] Logger start
[2020-04-08 15:23:36,781] [INFO ] [Consoler] [3] [Connect] http://doc.oa.wz.zj.cn:88 running
[2020-04-08 15:23:38,095] [INFO ] [Consoler] [3] [Connect] http://doc.oa.wz.zj.cn:88 ok
[2020-04-08 15:23:38,097] [INFO ] [Consoler] [3] [Article]  running
[2020-04-08 15:27:01,762] [INFO ] [Consoler] [3] Logger start
[2020-04-08 15:27:01,773] [INFO ] [Consoler] [3] [Connect] http://doc.oa.wz.zj.cn:88 running
[2020-04-08 15:27:01,939] [INFO ] [Consoler] [3] [Connect] http://doc.oa.wz.zj.cn:88 ok
[2020-04-08 15:27:01,940] [INFO ] [Consoler] [3] [Article]  running
[2020-04-08 15:29:17,014] [INFO ] [Consoler] [3] [Article]  ok
[2020-04-08 15:29:17,016] [INFO ] [Consoler] [3] [Log]  running
[2020-04-08 15:29:24,063] [INFO ] [Consoler] [3] [Log]  ok
[2020-04-08 15:29:43,135] [INFO ] [Consoler] [3] Logger start
[2020-04-08 15:29:43,148] [INFO ] [Consoler] [3] [Connect] http://doc.oa.wz.zj.cn:88 running
[2020-04-08 15:29:43,421] [INFO ] [Consoler] [3] [Connect] http://doc.oa.wz.zj.cn:88 ok
[2020-04-08 15:29:43,422] [INFO ] [Consoler] [3] [Article]  running
[2020-04-08 16:01:12,279] [INFO ] [Consoler] [7] Logger start
[2020-04-08 16:01:12,289] [INFO ] [Consoler] [7] [Connect] http://doc.oa.wz.zj.cn:88 running
[2020-04-08 16:01:12,563] [INFO ] [Consoler] [7] [Connect] http://doc.oa.wz.zj.cn:88 ok
[2020-04-08 16:01:12,563] [INFO ] [Consoler] [7] [Article]  running
[2020-04-08 16:02:45,281] [INFO ] [Consoler] [7] [Article]  ok
[2020-04-08 16:02:45,291] [INFO ] [Consoler] [7] [Log]  running
[2020-04-08 16:02:45,356] [INFO ] [Consoler] [7] [Log]  ok
[2020-04-08 16:07:23,324] [INFO ] [Consoler] [11] Logger start
[2020-04-08 16:07:23,335] [INFO ] [Consoler] [11] [Connect] http://doc.oa.wz.zj.cn:88 running
[2020-04-08 16:07:23,595] [INFO ] [Consoler] [11] [Connect] http://doc.oa.wz.zj.cn:88 ok
[2020-04-08 16:07:23,595] [INFO ] [Consoler] [11] [Article]  running
[2020-04-08 16:10:28,626] [INFO ] [Consoler] [11] [Article]  ok
[2020-04-08 16:10:28,628] [INFO ] [Consoler] [11] [Log]  running
[2020-04-08 16:10:28,692] [INFO ] [Consoler] [11] [Log]  ok
[2020-04-08 16:10:28,894] [INFO ] [Consoler] [11] [Article]  running
[2020-04-08 16:11:36,656] [INFO ] [Consoler] [11] [Article]  ok
[2020-04-08 16:11:36,868] [INFO ] [Consoler] [11] [Article]  running
[2020-04-08 16:21:08,800] [INFO ] [Consoler] [11] [Article]  ok
[2020-04-08 16:21:09,003] [INFO ] [Consoler] [11] [Connect] http://doc.oa.wz.zj.cn:88 running
[2020-04-08 16:21:10,176] [INFO ] [Consoler] [11] [Connect] http://doc.oa.wz.zj.cn:88 ok
[2020-04-08 16:21:10,177] [INFO ] [Consoler] [11] [Article]  running
[2020-04-08 16:22:23,306] [INFO ] [Consoler] [11] [Article]  ok
[2020-04-08 16:22:23,509] [INFO ] [Consoler] [11] [Article]  running
[2020-04-08 16:29:32,781] [INFO ] [Consoler] [8] Logger start
[2020-04-08 16:29:32,793] [INFO ] [Consoler] [8] [Connect] http://doc.oa.wz.zj.cn:88 running
[2020-04-08 16:29:34,459] [INFO ] [Consoler] [8] [Connect] http://doc.oa.wz.zj.cn:88 ok
[2020-04-08 16:29:34,460] [INFO ] [Consoler] [8] [Article]  running
[2020-04-08 16:30:28,483] [INFO ] [Consoler] [8] [Article]  ok
[2020-04-08 16:30:28,490] [INFO ] [Consoler] [8] [Log]  running
[2020-04-08 16:30:28,544] [INFO ] [Consoler] [8] [Log]  ok
[2020-04-08 16:30:32,965] [INFO ] [Consoler] [8] [Article]  running
[2020-04-08 16:30:40,875] [INFO ] [Consoler] [8] [Article]  ok
[2020-04-08 16:31:33,102] [INFO ] [Consoler] [8] [Article]  running
[2020-04-08 16:31:44,863] [INFO ] [Consoler] [8] [Article]  ok
[2020-04-08 16:32:33,269] [INFO ] [Consoler] [8] [Article]  running
[2020-04-08 16:32:40,876] [INFO ] [Consoler] [8] [Article]  ok
[2020-04-08 16:33:33,310] [INFO ] [Consoler] [8] [Article]  running
[2020-04-08 16:34:04,175] [INFO ] [Consoler] [8] [Article]  ok
[2020-04-08 16:35:19,770] [INFO ] [Consoler] [12] Logger start
[2020-04-08 16:35:19,780] [INFO ] [Consoler] [12] [Connect] http://doc.oa.wz.zj.cn:88 running
[2020-04-08 16:35:21,043] [INFO ] [Consoler] [12] [Connect] http://doc.oa.wz.zj.cn:88 ok
[2020-04-08 16:35:21,044] [INFO ] [Consoler] [12] [Article]  running
[2020-04-08 16:35:25,390] [INFO ] [Consoler] [12] [Article]  ok
[2020-04-08 16:35:25,390] [INFO ] [Consoler] [12] [Log]  running
[2020-04-08 16:35:25,434] [INFO ] [Consoler] [12] [Log]  ok
[2020-04-08 16:38:07,537] [INFO ] [Consoler] [10] Logger start
[2020-04-08 16:38:07,547] [INFO ] [Consoler] [10] [Connect] http://doc.oa.wz.zj.cn:88 running
[2020-04-08 16:38:07,915] [INFO ] [Consoler] [10] [Connect] http://doc.oa.wz.zj.cn:88 ok
[2020-04-08 16:38:07,916] [INFO ] [Consoler] [10] [Article]  running
[2020-04-08 16:38:11,865] [INFO ] [Consoler] [10] [Article]  ok
[2020-04-08 16:38:11,865] [INFO ] [Consoler] [10] [Log]  running
[2020-04-08 16:38:11,909] [INFO ] [Consoler] [10] [Log]  ok
[2020-04-08 16:40:31,745] [INFO ] [Consoler] [9] Logger start
[2020-04-08 16:40:31,755] [INFO ] [Consoler] [9] [Connect] http://doc.oa.wz.zj.cn:88 running
[2020-04-08 16:40:31,932] [INFO ] [Consoler] [9] [Connect] http://doc.oa.wz.zj.cn:88 ok
[2020-04-08 16:40:31,933] [INFO ] [Consoler] [9] [Article]  running
[2020-04-08 16:40:49,650] [INFO ] [Consoler] [9] [Article]  ok
[2020-04-08 16:40:49,652] [INFO ] [Consoler] [9] [Log]  running
[2020-04-08 16:40:49,708] [INFO ] [Consoler] [9] [Log]  ok
[2020-04-08 16:45:57,301] [INFO ] [Consoler] [7] Logger start
[2020-04-08 16:45:57,311] [INFO ] [Consoler] [7] [Connect] http://doc.oa.wz.zj.cn:88 running
[2020-04-08 16:45:57,571] [INFO ] [Consoler] [7] [Connect] http://doc.oa.wz.zj.cn:88 ok
[2020-04-08 16:45:57,572] [INFO ] [Consoler] [7] [Article]  running
[2020-04-08 16:46:11,117] [INFO ] [Consoler] [7] [Article]  ok
[2020-04-08 16:46:11,118] [INFO ] [Consoler] [7] [Log]  running
[2020-04-08 16:46:11,171] [INFO ] [Consoler] [7] [Log]  ok
[2020-04-08 16:46:57,378] [INFO ] [Consoler] [7] [Article]  running
[2020-04-08 16:47:06,901] [INFO ] [Consoler] [7] [Article]  ok
[2020-04-08 16:47:57,526] [INFO ] [Consoler] [7] [Article]  running
[2020-04-08 16:48:05,050] [INFO ] [Consoler] [7] [Article]  ok
[2020-04-08 16:49:32,788] [INFO ] [Consoler] [6] Logger start
[2020-04-08 16:49:32,797] [INFO ] [Consoler] [6] [ConnectJob] http://doc.oa.wz.zj.cn:88 running
[2020-04-08 16:49:32,967] [INFO ] [Consoler] [6] [ConnectJob] http://doc.oa.wz.zj.cn:88 ok
[2020-04-08 16:49:32,967] [INFO ] [Consoler] [6] [ArticleJob]  running
[2020-04-08 16:49:38,661] [INFO ] [Consoler] [6] [ArticleJob]  ok
[2020-04-08 16:49:38,662] [INFO ] [Consoler] [6] [LogJob]  running
[2020-04-08 16:49:38,709] [INFO ] [Consoler] [6] [LogJob]  ok
[2020-04-08 16:50:32,938] [INFO ] [Consoler] [6] [ArticleJob]  running
[2020-04-08 16:50:39,012] [INFO ] [Consoler] [6] [ArticleJob]  ok
[2020-04-08 16:51:33,049] [INFO ] [Consoler] [6] [ArticleJob]  running
[2020-04-08 16:51:33,115] [INFO ] [Consoler] [6] [ArticleJob]  ok
[2020-04-08 16:52:33,182] [INFO ] [Consoler] [6] [ArticleJob]  running
[2020-04-08 16:52:33,256] [INFO ] [Consoler] [6] [ArticleJob]  ok
[2020-04-08 16:53:33,324] [INFO ] [Consoler] [6] [ArticleJob]  running
[2020-04-08 16:53:33,396] [INFO ] [Consoler] [6] [ArticleJob]  ok
[2020-04-08 16:54:33,463] [INFO ] [Consoler] [6] [ArticleJob]  running
[2020-04-08 16:55:00,356] [INFO ] [Consoler] [6] [ArticleJob]  ok
[2020-04-08 16:55:33,506] [INFO ] [Consoler] [6] [ArticleJob]  running
[2020-04-08 16:55:33,582] [INFO ] [Consoler] [6] [ArticleJob]  ok
[2020-04-08 16:56:33,654] [INFO ] [Consoler] [6] [ArticleJob]  running
[2020-04-08 16:56:33,723] [INFO ] [Consoler] [6] [ArticleJob]  ok
[2020-04-08 16:57:33,786] [INFO ] [Consoler] [6] [ArticleJob]  running
[2020-04-08 16:57:33,854] [INFO ] [Consoler] [6] [ArticleJob]  ok
[2020-04-08 16:58:33,915] [INFO ] [Consoler] [6] [ArticleJob]  running
[2020-04-08 16:58:33,992] [INFO ] [Consoler] [6] [ArticleJob]  ok
[2020-04-08 16:59:32,844] [INFO ] [Consoler] [6] [ConnectJob] http://doc.oa.wz.zj.cn:88 running
[2020-04-08 16:59:33,048] [INFO ] [Consoler] [6] [ConnectJob] http://doc.oa.wz.zj.cn:88 ok
[2020-04-08 16:59:34,054] [INFO ] [Consoler] [6] [ArticleJob]  running
[2020-04-08 16:59:34,121] [INFO ] [Consoler] [6] [ArticleJob]  ok
[2020-04-08 17:00:34,176] [INFO ] [Consoler] [6] [ArticleJob]  running
[2020-04-08 17:00:34,260] [INFO ] [Consoler] [6] [ArticleJob]  ok
[2020-04-08 17:01:34,315] [INFO ] [Consoler] [6] [ArticleJob]  running
[2020-04-08 17:01:34,379] [INFO ] [Consoler] [6] [ArticleJob]  ok
[2020-04-08 17:02:34,418] [INFO ] [Consoler] [6] [ArticleJob]  running
[2020-04-08 17:02:34,488] [INFO ] [Consoler] [6] [ArticleJob]  ok
[2020-04-08 17:03:34,534] [INFO ] [Consoler] [6] [ArticleJob]  running
[2020-04-08 17:03:34,611] [INFO ] [Consoler] [6] [ArticleJob]  ok
[2020-04-08 17:04:34,657] [INFO ] [Consoler] [6] [ArticleJob]  running
[2020-04-08 17:04:34,731] [INFO ] [Consoler] [6] [ArticleJob]  ok
[2020-04-08 17:05:34,773] [INFO ] [Consoler] [6] [ArticleJob]  running
[2020-04-08 17:05:34,847] [INFO ] [Consoler] [6] [ArticleJob]  ok
[2020-04-08 17:06:34,898] [INFO ] [Consoler] [6] [ArticleJob]  running
[2020-04-08 17:06:34,966] [INFO ] [Consoler] [6] [ArticleJob]  ok
[2020-04-08 17:07:35,006] [INFO ] [Consoler] [6] [ArticleJob]  running
[2020-04-08 17:07:35,071] [INFO ] [Consoler] [6] [ArticleJob]  ok
[2020-04-08 17:08:35,118] [INFO ] [Consoler] [6] [ArticleJob]  running
[2020-04-08 17:08:35,181] [INFO ] [Consoler] [6] [ArticleJob]  ok
[2020-04-08 17:09:33,011] [INFO ] [Consoler] [6] [ConnectJob] http://doc.oa.wz.zj.cn:88 running
[2020-04-08 17:09:33,294] [INFO ] [Consoler] [6] [ConnectJob] http://doc.oa.wz.zj.cn:88 ok
[2020-04-08 17:09:35,302] [INFO ] [Consoler] [6] [ArticleJob]  running
[2020-04-08 17:09:35,379] [INFO ] [Consoler] [6] [ArticleJob]  ok
[2020-04-08 17:10:35,416] [INFO ] [Consoler] [6] [ArticleJob]  running
[2020-04-08 17:10:35,488] [INFO ] [Consoler] [6] [ArticleJob]  ok
[2020-04-08 17:11:35,525] [INFO ] [Consoler] [6] [ArticleJob]  running
[2020-04-08 17:11:35,600] [INFO ] [Consoler] [6] [ArticleJob]  ok
[2020-04-08 17:12:35,652] [INFO ] [Consoler] [6] [ArticleJob]  running
[2020-04-08 17:12:35,731] [INFO ] [Consoler] [6] [ArticleJob]  ok
[2020-04-08 17:13:35,773] [INFO ] [Consoler] [6] [ArticleJob]  running
[2020-04-08 17:13:35,844] [INFO ] [Consoler] [6] [ArticleJob]  ok
[2020-04-08 17:14:35,900] [INFO ] [Consoler] [6] [ArticleJob]  running
[2020-04-08 17:14:35,972] [INFO ] [Consoler] [6] [ArticleJob]  ok
[2020-04-08 17:15:36,016] [INFO ] [Consoler] [6] [ArticleJob]  running
[2020-04-08 17:15:36,146] [INFO ] [Consoler] [6] [ArticleJob]  ok
[2020-04-08 17:16:36,188] [INFO ] [Consoler] [6] [ArticleJob]  running
[2020-04-08 17:16:36,312] [INFO ] [Consoler] [6] [ArticleJob]  ok
[2020-04-08 17:17:36,242] [INFO ] [Consoler] [6] [ArticleJob]  running
[2020-04-08 17:17:36,356] [INFO ] [Consoler] [6] [ArticleJob]  ok
[2020-04-08 17:18:36,403] [INFO ] [Consoler] [6] [ArticleJob]  running
[2020-04-08 17:18:36,532] [INFO ] [Consoler] [6] [ArticleJob]  ok
[2020-04-08 17:19:33,169] [INFO ] [Consoler] [6] [ConnectJob] http://doc.oa.wz.zj.cn:88 running
[2020-04-08 17:19:33,409] [INFO ] [Consoler] [6] [ConnectJob] http://doc.oa.wz.zj.cn:88 ok
[2020-04-08 17:19:36,425] [INFO ] [Consoler] [6] [ArticleJob]  running
[2020-04-08 17:19:36,504] [INFO ] [Consoler] [6] [ArticleJob]  ok
[2020-04-08 17:20:36,568] [INFO ] [Consoler] [6] [ArticleJob]  running
[2020-04-08 17:20:36,630] [INFO ] [Consoler] [6] [ArticleJob]  ok
[2020-04-08 17:21:36,698] [INFO ] [Consoler] [6] [ArticleJob]  running
[2020-04-08 17:21:36,775] [INFO ] [Consoler] [6] [ArticleJob]  ok
